#
# A fatal error has been detected by the Java Runtime Environment:
#
#  EXCEPTION_ACCESS_VIOLATION (0xc0000005) at pc=0x00000208d648ada4, pid=18212, tid=22308
#
# JRE version: Java(TM) SE Runtime Environment (21.0.1+12) (build 21.0.1+12-LTS-29)
# Java VM: Java HotSpot(TM) 64-Bit Server VM (21.0.1+12-LTS-29, mixed mode, emulated-client, sharing, tiered, compressed oops, compressed class ptrs, g1 gc, windows-amd64)
# Problematic frame:
# v  ~BufferBlob::MethodHandles adapters 0x00000208d648ada4
#
# No core dump will be written. Minidumps are not enabled by default on client versions of Windows
#
# If you would like to submit a bug report, please visit:
#   https://bugreport.java.com/bugreport/crash.jsp
#

---------------  S U M M A R Y ------------

Command Line: -XX:+ShowCodeDetailsInExceptionMessages -agentlib:jdwp=transport=dt_socket,suspend=y,address=localhost:50806 -Dcom.sun.management.jmxremote -Dcom.sun.management.jmxremote.port=50805 -Dcom.sun.management.jmxremote.authenticate=false -Dcom.sun.management.jmxremote.ssl=false -Djava.rmi.server.hostname=localhost -Dspring.jmx.enabled=true -Dmanagement.endpoints.jmx.exposure.include=* -Dspring.application.admin.enabled=true -XX:TieredStopAtLevel=1 -Dspring.boot.project.name=ecomm_service -javaagent:C:\Users\1037629\eclipse\configuration\org.eclipse.osgi\434\0\.cp\lib\javaagent-shaded.jar -Dfile.encoding=UTF-8 -Dstdout.encoding=UTF-8 -Dstderr.encoding=UTF-8 -agentpath:C:\Program Files\SentinelOne\Sentinel Agent 23.1.4.650\SentinelJava64.dll com.blueyonder.ecomm_service.EcommServiceApplication --spring.output.ansi.enabled=always

Host: AMD Ryzen 7 PRO 7840U w/ Radeon 780M Graphics  , 16 cores, 27G,  Windows 11 , 64 bit Build 22621 (10.0.22621.3085)
Time: Wed Mar 13 16:35:37 2024 India Standard Time elapsed time: 1577.577118 seconds (0d 0h 26m 17s)

---------------  T H R E A D  ---------------

Current thread (0x000002092f021750):  JavaThread "http-nio-8080-exec-5" daemon [_thread_in_Java, id=22308, stack(0x00000061ecc00000,0x00000061ecd00000) (1024K)]

Stack: [0x00000061ecc00000,0x00000061ecd00000],  sp=0x00000061eccfa018,  free space=1000k
Native frames: (J=compiled Java code, j=interpreted, Vv=VM code, C=native code)
C  0x00000208d648ada4

The last pc belongs to _linkToVirtual (printed below).

siginfo: EXCEPTION_ACCESS_VIOLATION (0xc0000005), reading address 0xffffffffffffffff


Registers:
RAX=0x00000208d645958b, RBX=0x0000000660002e70, RCX=0x00000061eccfa028, RDX=0x0000000000000003
RSP=0x00000061eccfa018, RBP=0x00000061eccfa070, RSI=0x000002092ca823c8, RDI=0x000002092d1730f0
R8 =0x0000000000000004, R9 =0x0000000000000004, R10=0x000002090db00a73, R11=0xcc0005d100000000
R12=0x0000000000000000, R13=0x00000061eccfa018, R14=0x00000061eccfa098, R15=0x000002092f021750
RIP=0x00000208d648ada4, EFLAGS=0x0000000000010202


Register to memory mapping:

RAX=0x00000208d645958b is at code_begin+4363 in an Interpreter codelet
return entry points  [0x00000208d6458480, 0x00000208d645a298]  7704 bytes
RBX=0x0000000660002e70 is an oop: java.lang.String 
{0x0000000660002e70} - klass: 'java/lang/String'
 - string: " Luxury Watches"
 - ---- fields (total size 3 words):
 - private 'hash' 'I' @12  0 (0x00000000)
 - private final 'coder' 'B' @16  0 (0x00)
 - private 'hashIsZero' 'Z' @17  false (0x00)
 - injected 'flags' 'B' @18  0 (0x00)
 - private final 'value' '[B' @20  [B{0x0000000660002e88} (0xcc0005d1)
RCX=0x00000061eccfa028 is pointing into the stack for thread: 0x000002092f021750
RDX=0x0000000000000003 is an unknown value
RSP=0x00000061eccfa018 is pointing into the stack for thread: 0x000002092f021750
RBP=0x00000061eccfa070 is pointing into the stack for thread: 0x000002092f021750
RSI=0x000002092ca823c8 points into unknown readable memory: 0x8800170772e6dbd6 | d6 db e6 72 07 17 00 88
RDI=0x000002092d1730f0 points into unknown readable memory: 0x0000002000000070 | 70 00 00 00 20 00 00 00
R8 =0x0000000000000004 is an unknown value
R9 =0x0000000000000004 is an unknown value
R10=0x000002090db00a73 is an unknown value
R11=0xcc0005d100000000 is an unknown value
R12=0x0 is null
R13=0x00000061eccfa018 is pointing into the stack for thread: 0x000002092f021750
R14=0x00000061eccfa098 is pointing into the stack for thread: 0x000002092f021750
R15=0x000002092f021750 is a thread

Top of Stack: (sp=0x00000061eccfa018)
0x00000061eccfa018:   00000208d645958b 000000064c0982c8
0x00000061eccfa028:   00000061eccfa028 0000020927b00a73
0x00000061eccfa038:   0000000000000005 0000020927b00bc0
0x00000061eccfa048:   00000208d6c41e7c 0000000644c02428
0x00000061eccfa058:   0000020927b00a80 00000061eccfa018
0x00000061eccfa068:   00000061eccfa0a0 00000061eccfa108
0x00000061eccfa078:   00000208d645958b 00000006600c4758
0x00000061eccfa088:   0000000660002e70 000000064c0982c8
0x00000061eccfa098:   00000006600c48a8 00000208d645958b
0x00000061eccfa0a8:   0000000660002e70 000000064c0982c8
0x00000061eccfa0b8:   00000006600c48a8 00000061eccfa0c0
0x00000061eccfa0c8:   0000020930096ad4 0000000000000009
0x00000061eccfa0d8:   0000020930515c20 0000000000000000
0x00000061eccfa0e8:   00000006600cb2d0 0000020930096ae0
0x00000061eccfa0f8:   00000061eccfa0a8 00000061eccfa160
0x00000061eccfa108:   00000061eccfa418 00000208d731acba
0x00000061eccfa118:   00000006600c48a8 0000000660002e70
0x00000061eccfa128:   00000006600c4a70 000000064c0982c8
0x00000061eccfa138:   00000006600c7dd8 0000000660002e70
0x00000061eccfa148:   000000064c0982c8 00000006600c8378
0x00000061eccfa158:   00000208d731a40c 0000000000000000
0x00000061eccfa168:   000000064c0cb5f0 0000000649004248
0x00000061eccfa178:   00000006600cb3d8 00000006600c8378
0x00000061eccfa188:   00000000ffffffff 00000061eccfa1c8
0x00000061eccfa198:   000002092f021750 000000064c0cb250
0x00000061eccfa1a8:   0000000644a91e38 00000061eccfa1d8
0x00000061eccfa1b8:   0000000000000000 0000000000000000
0x00000061eccfa1c8:   00000061eccfa418 00000061eccfa418
0x00000061eccfa1d8:   00000208d74bb174 000000064c0cb250
0x00000061eccfa1e8:   0000000000000000 0000000000000001
0x00000061eccfa1f8:   00000000cc0188c3 0000000649004248
0x00000061eccfa208:   00000000000000b0 00000006600cb3d8 

Instructions: (pc=0x00000208d648ada4)
0x00000208d648aca4:   08 02 00 00 00 ad 48 d6 08 02 00 00 80 bd 48 d6
0x00000208d648acb4:   08 02 00 00 f0 ac 48 d6 08 02 00 00 f0 ac 48 d6
0x00000208d648acc4:   08 02 00 00 00 00 00 00 00 00 00 00 08 30 fe d3
0x00000208d648acd4:   fe 7f 00 00 f0 10 00 00 60 00 00 00 ff ff ff ff
0x00000208d648ace4:   f0 10 00 00 00 00 00 00 00 00 00 00 00 00 00 00
0x00000208d648acf4:   00 00 00 00 00 00 00 00 00 00 00 00 f4 66 66 66
0x00000208d648ad04:   0f 1f 84 00 00 00 00 00 66 66 0f 1f 84 00 00 00
0x00000208d648ad14:   00 00 66 66 0f 1f 84 00 00 00 00 00 48 8b 53 08
0x00000208d648ad24:   0f b7 52 2e 48 8b 0c d4 8b 59 14 48 c1 e3 03 8b
0x00000208d648ad34:   5b 28 48 c1 e3 03 8b 5b 24 48 c1 e3 03 48 8b 5b
0x00000208d648ad44:   10 48 85 db 0f 84 10 00 00 00 41 80 bf e0 05 00
0x00000208d648ad54:   00 00 74 03 ff 63 38 ff 63 50 e9 9d 16 00 00 66
0x00000208d648ad64:   66 66 0f 1f 84 00 00 00 00 00 66 0f 1f 84 00 00
0x00000208d648ad74:   00 00 00 66 0f 1f 84 00 00 00 00 00 48 8b 53 08
0x00000208d648ad84:   0f b7 52 2e 48 8b 0c d4 58 5b 50 44 8b 51 08 49
0x00000208d648ad94:   bb 00 00 00 e6 08 02 00 00 4d 03 d3 4c 8b 5b 10
0x00000208d648ada4:   4b 8b 9c da c8 01 00 00 48 85 db 0f 84 10 00 00
0x00000208d648adb4:   00 41 80 bf e0 05 00 00 00 74 03 ff 63 38 ff 63
0x00000208d648adc4:   50 e9 36 16 00 00 66 66 66 0f 1f 84 00 00 00 00
0x00000208d648add4:   00 66 66 66 0f 1f 84 00 00 00 00 00 58 5b 50 8b
0x00000208d648ade4:   5b 24 48 c1 e3 03 48 8b 5b 10 48 85 db 0f 84 10
0x00000208d648adf4:   00 00 00 41 80 bf e0 05 00 00 00 74 03 ff 63 38
0x00000208d648ae04:   ff 63 50 e9 f4 15 00 00 66 66 0f 1f 84 00 00 00
0x00000208d648ae14:   00 00 66 66 0f 1f 84 00 00 00 00 00 48 8b 53 08
0x00000208d648ae24:   0f b7 52 2e 48 8b 0c d4 58 5b 50 48 3b 01 8b 5b
0x00000208d648ae34:   24 48 c1 e3 03 48 8b 5b 10 48 85 db 0f 84 10 00
0x00000208d648ae44:   00 00 41 80 bf e0 05 00 00 00 74 03 ff 63 38 ff
0x00000208d648ae54:   63 50 e9 a5 15 00 00 0f 1f 44 00 00 48 8b 53 08
0x00000208d648ae64:   0f b7 52 2e 48 8b 0c d4 58 5b 50 44 8b 51 08 49
0x00000208d648ae74:   bb 00 00 00 e6 08 02 00 00 4d 03 d3 8b 43 18 48
0x00000208d648ae84:   c1 e0 03 48 8b 40 10 48 8b 5b 10 45 8b 9a a0 00
0x00000208d648ae94:   00 00 4f 8d 9c da c8 01 00 00 4d 8d 14 da 49 8b 


Stack slot to memory mapping:

stack at sp + 0 slots: 0x00000208d645958b is at code_begin+4363 in an Interpreter codelet
return entry points  [0x00000208d6458480, 0x00000208d645a298]  7704 bytes
stack at sp + 1 slots: 0x000000064c0982c8 is an oop: com.blueyonder.ecomm_service.controller.CategoryController 
{0x000000064c0982c8} - klass: 'com/blueyonder/ecomm_service/controller/CategoryController'
 - ---- fields (total size 2 words):
 - private 'categoryService' 'Lcom/blueyonder/ecomm_service/services/CategoryService;' @12  a 'com/blueyonder/ecomm_service/services/CategoryServiceImpl'{0x000000064c0982d8} (0xc981305b)
stack at sp + 2 slots: 0x00000061eccfa028 is pointing into the stack for thread: 0x000002092f021750
stack at sp + 3 slots: 0x0000020927b00a73 is pointing into metadata
stack at sp + 4 slots: 0x0000000000000005 is an unknown value
stack at sp + 5 slots: 0x0000020927b00bc0 is pointing into metadata
stack at sp + 6 slots: 0x00000208d6c41e7c is at entry_point+188 in (nmethod*)0x00000208d6c41c10
Compiled method (c1) 1577676 2329       1       java.lang.invoke.LambdaForm$MH/0x00000208e7001400::invoke (25 bytes)
 total in heap  [0x00000208d6c41c10,0x00000208d6c42038] = 1064
 relocation     [0x00000208d6c41d70,0x00000208d6c41db8] = 72
 main code      [0x00000208d6c41dc0,0x00000208d6c41ef0] = 304
 stub code      [0x00000208d6c41ef0,0x00000208d6c41f48] = 88
 oops           [0x00000208d6c41f48,0x00000208d6c41f50] = 8
 metadata       [0x00000208d6c41f50,0x00000208d6c41f58] = 8
 scopes data    [0x00000208d6c41f58,0x00000208d6c41fa8] = 80
 scopes pcs     [0x00000208d6c41fa8,0x00000208d6c42018] = 112
 dependencies   [0x00000208d6c42018,0x00000208d6c42020] = 8
 nul chk table  [0x00000208d6c42020,0x00000208d6c42038] = 24
stack at sp + 7 slots: 0x0000000644c02428 is an oop: java.lang.Class 
{0x0000000644c02428} - klass: 'java/lang/Class'
 - ---- fields (total size 15 words):
 - private volatile transient 'classRedefinedCount' 'I' @12  0 (0x00000000)
 - injected 'klass' 'J' @16  2237260436480 (0x00000208e71d1400)
 - injected 'array_klass' 'J' @24  0 (0x0000000000000000)
 - injected 'oop_size' 'I' @32  15 (0x0000000f)
 - injected 'static_oop_field_count' 'I' @36  1 (0x00000001)
 - private volatile transient 'cachedConstructor' 'Ljava/lang/reflect/Constructor;' @40  null (0x00000000)
 - private transient 'name' 'Ljava/lang/String;' @44  null (0x00000000)
 - private transient 'module' 'Ljava/lang/Module;' @48  a 'java/lang/Module'{0x0000000644a7f868} (0xc894ff0d)
 - private final 'classLoader' 'Ljava/lang/ClassLoader;' @52  null (0x00000000)
 - private transient 'classData' 'Ljava/lang/Object;' @56  a 'java/lang/invoke/LambdaForm'{0x0000000644c0f740} => a 'java/lang/invoke/MemberName'{0x0000000644c0f870} = {method} {0x0000020927b00a88} 'invokeVirtual' '(Ljava/lang/Object;Ljava/lang/Object;Ljava/lang/Object;)Ljava/lang/Object;' in 'java/lang/invoke/LambdaForm$DMH+0x00000208e71d1400' (0xc8981ee8)
 - private transient 'packageName' 'Ljava/lang/String;' @60  null (0x00000000)
 - private final 'componentType' 'Ljava/lang/Class;' @64  null (0x00000000)
 - private volatile transient 'reflectionData' 'Ljava/lang/ref/SoftReference;' @68  null (0x00000000)
 - private volatile transient 'genericInfo' 'Lsun/reflect/generics/repository/ClassRepository;' @72  null (0x00000000)
 - private volatile transient 'enumConstants' '[Ljava/lang/Object;' @76  null (0x00000000)
 - private volatile transient 'enumConstantDirectory' 'Ljava/util/Map;' @80  null (0x00000000)
 - private volatile transient 'annotationData' 'Ljava/lang/Class$AnnotationData;' @84  null (0x00000000)
 - private volatile transient 'annotationType' 'Lsun/reflect/annotation/AnnotationType;' @88  null (0x00000000)
 - transient 'classValueMap' 'Ljava/lang/ClassValue$ClassValueMap;' @92  null (0x00000000)
 - injected 'protection_domain' 'Ljava/lang/Object;' @96  null (0x00000000)
 - injected 'signers_name' 'Ljava/lang/Object;' @100  null (0x00000000)
 - injected 'source_file' 'Ljava/lang/Object;' @104  null (0x00000000)
 - signature: Ljava/lang/invoke/LambdaForm$DMH+0x00000208e71d1400;
 - ---- static fields (1):
 - static final '_D_0' 'Ljava/lang/invoke/LambdaForm;' @112  a 'java/lang/invoke/LambdaForm'{0x0000000644c0f740} => a 'java/lang/invoke/MemberName'{0x0000000644c0f870} = {method} {0x0000020927b00a88} 'invokeVirtual' '(Ljava/lang/Object;Ljava/lang/Object;Ljava/lang/Object;)Ljava/lang/Object;' in 'java/lang/invoke/LambdaForm$DMH+0x00000208e71d1400' (0xc8981ee8)

MethodHandle::interpreter_entry::_linkToVirtual [0x00000208d648ad63, 0x00000208d648adca] (103 bytes)
[MachCode]
  0x00000208d648ad63: 6666 660f | 1f84 0000 | 0000 0066 | 0f1f 8400 | 0000 0000 | 660f 1f84 | 0000 0000 | 0048 8b53 
  0x00000208d648ad83: 080f b752 | 2e48 8b0c | d458 5b50 | 448b 5108 | 49bb 0000 | 00e6 0802 | 0000 4d03 | d34c 8b5b 
  0x00000208d648ada3: 104b 8b9c | dac8 0100 | 0048 85db | 0f84 1000 | 0000 4180 | bfe0 0500 | 0000 7403 | ff63 38ff 
  0x00000208d648adc3: 6350 e936 | 
[/MachCode]

---------------  P R O C E S S  ---------------

Threads class SMR info:
_java_thread_list=0x00000209346c6de0, length=37, elements={
0x00000208e27f2a80, 0x00000208e27f7960, 0x00000208e27f92b0, 0x00000208e27fa180,
0x00000208e5651f70, 0x00000208e5659ee0, 0x00000208e565aaf0, 0x00000208e27ab9d0,
0x00000208e57d1c00, 0x00000208e57f5840, 0x00000208e57f8070, 0x000002092b3b00e0,
0x000002092b5562e0, 0x000002092b556f60, 0x000002092b5d9ac0, 0x000002092bbd13d0,
0x000002092bbd9680, 0x000002092bbd6890, 0x000002092b7223d0, 0x000002092b886ea0,
0x000002092b881fe0, 0x000002092b885460, 0x000002092b7216b0, 0x000002092f01eff0,
0x000002092f021de0, 0x000002092f0203a0, 0x000002092f01e2d0, 0x000002092f021750,
0x000002092c12e280, 0x000002092c12f020, 0x000002092c12f6f0, 0x000002092c12c070,
0x000002092c12dbb0, 0x000002092f41ada0, 0x000002092f41c210, 0x000002092f41dd50,
0x000002092b884dd0
}

Java Threads: ( => current thread )
  0x00000208e27f2a80 JavaThread "Reference Handler"          daemon [_thread_blocked, id=11108, stack(0x00000061e9b00000,0x00000061e9c00000) (1024K)]
  0x00000208e27f7960 JavaThread "Finalizer"                  daemon [_thread_blocked, id=23080, stack(0x00000061e9c00000,0x00000061e9d00000) (1024K)]
  0x00000208e27f92b0 JavaThread "Signal Dispatcher"          daemon [_thread_blocked, id=4680, stack(0x00000061e9d00000,0x00000061e9e00000) (1024K)]
  0x00000208e27fa180 JavaThread "Attach Listener"            daemon [_thread_blocked, id=9988, stack(0x00000061e9e00000,0x00000061e9f00000) (1024K)]
  0x00000208e5651f70 JavaThread "Service Thread"             daemon [_thread_blocked, id=8244, stack(0x00000061e9f00000,0x00000061ea000000) (1024K)]
  0x00000208e5659ee0 JavaThread "Monitor Deflation Thread"   daemon [_thread_blocked, id=8564, stack(0x00000061ea000000,0x00000061ea100000) (1024K)]
  0x00000208e565aaf0 JavaThread "C1 CompilerThread0"         daemon [_thread_blocked, id=18672, stack(0x00000061ea100000,0x00000061ea200000) (1024K)]
  0x00000208e27ab9d0 JavaThread "Common-Cleaner"             daemon [_thread_blocked, id=2932, stack(0x00000061ea200000,0x00000061ea300000) (1024K)]
  0x00000208e57d1c00 JavaThread "JDWP Transport Listener: dt_socket" daemon [_thread_blocked, id=11652, stack(0x00000061ea500000,0x00000061ea600000) (1024K)]
  0x00000208e57f5840 JavaThread "JDWP Event Helper Thread"   daemon [_thread_blocked, id=22276, stack(0x00000061ea600000,0x00000061ea700000) (1024K)]
  0x00000208e57f8070 JavaThread "JDWP Command Reader"        daemon [_thread_in_native, id=12304, stack(0x00000061ea700000,0x00000061ea800000) (1024K)]
  0x000002092b3b00e0 JavaThread "Notification Thread"        daemon [_thread_blocked, id=3084, stack(0x00000061ea800000,0x00000061ea900000) (1024K)]
  0x000002092b5562e0 JavaThread "RMI TCP Accept-0"           daemon [_thread_in_native, id=25308, stack(0x00000061eb500000,0x00000061eb600000) (1024K)]
  0x000002092b556f60 JavaThread "RMI TCP Accept-50805"       daemon [_thread_in_native, id=22072, stack(0x00000061eb600000,0x00000061eb700000) (1024K)]
  0x000002092b5d9ac0 JavaThread "RMI TCP Accept-0"           daemon [_thread_in_native, id=25436, stack(0x00000061eb700000,0x00000061eb800000) (1024K)]
  0x000002092bbd13d0 JavaThread "RMI Scheduler(0)"           daemon [_thread_blocked, id=5532, stack(0x00000061ebd00000,0x00000061ebe00000) (1024K)]
  0x000002092bbd9680 JavaThread "JMX server connection timeout 53" daemon [_thread_blocked, id=19304, stack(0x00000061ebf00000,0x00000061ec000000) (1024K)]
  0x000002092bbd6890 JavaThread "PostgreSQL-JDBC-Cleaner"    daemon [_thread_blocked, id=23312, stack(0x00000061ec400000,0x00000061ec500000) (1024K)]
  0x000002092b7223d0 JavaThread "Live Reload Server"         daemon [_thread_in_native, id=21736, stack(0x00000061ed000000,0x00000061ed100000) (1024K)]
  0x000002092b886ea0 JavaThread "DestroyJavaVM"                     [_thread_blocked, id=25212, stack(0x00000061e9300000,0x00000061e9400000) (1024K)]
  0x000002092b881fe0 JavaThread "RMI TCP Connection(idle)"   daemon [_thread_blocked, id=24000, stack(0x00000061eba00000,0x00000061ebb00000) (1024K)]
  0x000002092b885460 JavaThread "JMX server connection timeout 83" daemon [_thread_blocked, id=22876, stack(0x00000061ebc00000,0x00000061ebd00000) (1024K)]
  0x000002092b7216b0 JavaThread "RMI TCP Connection(28)-127.0.0.1" daemon [_thread_in_native, id=23164, stack(0x00000061e9200000,0x00000061e9300000) (1024K)]
  0x000002092f01eff0 JavaThread "HikariPool-7 housekeeper"   daemon [_thread_blocked, id=16544, stack(0x00000061ea900000,0x00000061eaa00000) (1024K)]
  0x000002092f021de0 JavaThread "Catalina-utility-1"                [_thread_blocked, id=23824, stack(0x00000061ec500000,0x00000061ec600000) (1024K)]
  0x000002092f0203a0 JavaThread "Catalina-utility-2"                [_thread_blocked, id=24744, stack(0x00000061ec600000,0x00000061ec700000) (1024K)]
  0x000002092f01e2d0 JavaThread "container-0"                       [_thread_blocked, id=11072, stack(0x00000061ec700000,0x00000061ec800000) (1024K)]
=>0x000002092f021750 JavaThread "http-nio-8080-exec-5"       daemon [_thread_in_Java, id=22308, stack(0x00000061ecc00000,0x00000061ecd00000) (1024K)]
  0x000002092c12e280 JavaThread "C1 CompilerThread1"         daemon [_thread_blocked, id=2348, stack(0x00000061e9000000,0x00000061e9100000) (1024K)]
  0x000002092c12f020 JavaThread "C1 CompilerThread2"         daemon [_thread_blocked, id=13512, stack(0x00000061ea300000,0x00000061ea400000) (1024K)]
  0x000002092c12f6f0 JavaThread "C1 CompilerThread3"         daemon [_thread_blocked, id=23844, stack(0x00000061ea400000,0x00000061ea500000) (1024K)]
  0x000002092c12c070 JavaThread "C1 CompilerThread4"         daemon [_thread_blocked, id=22532, stack(0x00000061eaa00000,0x00000061eab00000) (1024K)]
  0x000002092c12dbb0 JavaThread "C1 CompilerThread5"         daemon [_thread_blocked, id=24368, stack(0x00000061eab00000,0x00000061eac00000) (1024K)]
  0x000002092f41ada0 JavaThread "C1 CompilerThread6"         daemon [_thread_blocked, id=22772, stack(0x00000061ebe00000,0x00000061ebf00000) (1024K)]
  0x000002092f41c210 JavaThread "C1 CompilerThread7"         daemon [_thread_blocked, id=23288, stack(0x00000061ec300000,0x00000061ec400000) (1024K)]
  0x000002092f41dd50 JavaThread "C1 CompilerThread8"         daemon [_thread_blocked, id=25156, stack(0x00000061ed500000,0x00000061ed600000) (1024K)]
  0x000002092b884dd0 JavaThread "Thread-27"                         [_thread_blocked, id=24700, stack(0x00000061ed800000,0x00000061ed900000) (1024K)]
Total: 37

Other Threads:
  0x00000208e27cf140 VMThread "VM Thread"                           [id=21792, stack(0x00000061e9a00000,0x00000061e9b00000) (1024K)]
  0x00000208e27aa0a0 WatcherThread "VM Periodic Task Thread"        [id=21524, stack(0x00000061e9900000,0x00000061e9a00000) (1024K)]
  0x00000208e2638600 WorkerThread "GC Thread#0"                     [id=9836, stack(0x00000061e9400000,0x00000061e9500000) (1024K)]
  0x000002092b4cf080 WorkerThread "GC Thread#1"                     [id=24572, stack(0x00000061eac00000,0x00000061ead00000) (1024K)]
  0x000002092b4cf420 WorkerThread "GC Thread#2"                     [id=16004, stack(0x00000061ead00000,0x00000061eae00000) (1024K)]
  0x000002092b4cfdd0 WorkerThread "GC Thread#3"                     [id=22356, stack(0x00000061eae00000,0x00000061eaf00000) (1024K)]
  0x000002092b4d0170 WorkerThread "GC Thread#4"                     [id=15484, stack(0x00000061eaf00000,0x00000061eb000000) (1024K)]
  0x000002092b4d0510 WorkerThread "GC Thread#5"                     [id=16152, stack(0x00000061eb000000,0x00000061eb100000) (1024K)]
  0x000002092b4d08b0 WorkerThread "GC Thread#6"                     [id=16484, stack(0x00000061eb100000,0x00000061eb200000) (1024K)]
  0x000002092b472a60 WorkerThread "GC Thread#7"                     [id=21836, stack(0x00000061eb200000,0x00000061eb300000) (1024K)]
  0x000002092b4dacc0 WorkerThread "GC Thread#8"                     [id=20380, stack(0x00000061eb300000,0x00000061eb400000) (1024K)]
  0x000002092b4dc280 WorkerThread "GC Thread#9"                     [id=2972, stack(0x00000061eb400000,0x00000061eb500000) (1024K)]
  0x000002092b4dbee0 WorkerThread "GC Thread#10"                    [id=21920, stack(0x00000061eb800000,0x00000061eb900000) (1024K)]
  0x000002092b4dc620 WorkerThread "GC Thread#11"                    [id=19260, stack(0x00000061eb900000,0x00000061eba00000) (1024K)]
  0x000002092b4db7a0 WorkerThread "GC Thread#12"                    [id=22392, stack(0x00000061ec000000,0x00000061ec100000) (1024K)]
  0x00000208e2646ed0 ConcurrentGCThread "G1 Main Marker"            [id=25596, stack(0x00000061e9500000,0x00000061e9600000) (1024K)]
  0x00000208ce0bdf20 WorkerThread "G1 Conc#0"                       [id=21392, stack(0x00000061e9600000,0x00000061e9700000) (1024K)]
  0x000002092b4db400 WorkerThread "G1 Conc#1"                       [id=6564, stack(0x00000061ec100000,0x00000061ec200000) (1024K)]
  0x000002092b4db060 WorkerThread "G1 Conc#2"                       [id=2004, stack(0x00000061ec200000,0x00000061ec300000) (1024K)]
  0x00000208e26fab60 ConcurrentGCThread "G1 Refine#0"               [id=21628, stack(0x00000061e9700000,0x00000061e9800000) (1024K)]
  0x00000208e26fc4f0 ConcurrentGCThread "G1 Service"                [id=23664, stack(0x00000061e9800000,0x00000061e9900000) (1024K)]
Total: 21

Threads with active compile tasks:
Total: 0

VM state: not at safepoint (normal execution)

VM Mutex/Monitor currently owned by a thread: None

Heap address: 0x0000000644800000, size: 7096 MB, Compressed Oops mode: Zero based, Oop shift amount: 3

CDS archive(s) mapped at: [0x00000208e6000000-0x00000208e6c90000-0x00000208e6c90000), size 13172736, SharedBaseAddress: 0x00000208e6000000, ArchiveRelocationMode: 1.
Compressed class space mapped at: 0x00000208e7000000-0x0000020927000000, reserved size: 1073741824
Narrow klass base: 0x00000208e6000000, Narrow klass shift: 0, Narrow klass range: 0x100000000

GC Precious Log:
 CardTable entry size: 512
 Card Set container configuration: InlinePtr #cards 4 size 8 Array Of Cards #cards 32 size 80 Howl #buckets 8 coarsen threshold 7372 Howl Bitmap #cards 1024 size 144 coarsen threshold 921 Card regions per heap region 1 cards per card region 8192
 CPUs: 16 total, 16 available
 Memory: 28381M
 Large Page Support: Disabled
 NUMA Support: Disabled
 Compressed Oops: Enabled (Zero based)
 Heap Region Size: 4M
 Heap Min Capacity: 8M
 Heap Initial Capacity: 444M
 Heap Max Capacity: 7096M
 Pre-touch: Disabled
 Parallel Workers: 13
 Concurrent Workers: 3
 Concurrent Refinement Workers: 13
 Periodic GC: Disabled

Heap:
 garbage-first heap   total 204800K, used 72569K [0x0000000644800000, 0x0000000800000000)
  region size 4096K, 4 young (16384K), 2 survivors (8192K)
 Metaspace       used 83859K, committed 84864K, reserved 1179648K
  class space    used 11741K, committed 12160K, reserved 1048576K

Heap Regions: E=young(eden), S=young(survivor), O=old, HS=humongous(starts), HC=humongous(continues), CS=collection set, F=free, TAMS=top-at-mark-start, PB=parsable bottom
|   0|0x0000000644800000, 0x0000000644bffff8, 0x0000000644c00000| 99%| O|  |TAMS 0x0000000644800000| PB 0x0000000644800000| Untracked 
|   1|0x0000000644c00000, 0x0000000644fffff0, 0x0000000645000000| 99%| O|  |TAMS 0x0000000644c00000| PB 0x0000000644c00000| Untracked 
|   2|0x0000000645000000, 0x0000000645400000, 0x0000000645400000|100%| O|  |TAMS 0x0000000645000000| PB 0x0000000645000000| Untracked 
|   3|0x0000000645400000, 0x00000006457fffe0, 0x0000000645800000| 99%| O|  |TAMS 0x0000000645400000| PB 0x0000000645400000| Untracked 
|   4|0x0000000645800000, 0x0000000645c00000, 0x0000000645c00000|100%| O|  |TAMS 0x0000000645800000| PB 0x0000000645800000| Untracked 
|   5|0x0000000645c00000, 0x0000000645fffff0, 0x0000000646000000| 99%| O|  |TAMS 0x0000000645c00000| PB 0x0000000645c00000| Untracked 
|   6|0x0000000646000000, 0x00000006463fffc0, 0x0000000646400000| 99%| O|  |TAMS 0x0000000646000000| PB 0x0000000646000000| Untracked 
|   7|0x0000000646400000, 0x0000000646400000, 0x0000000646800000|  0%| F|  |TAMS 0x0000000646400000| PB 0x0000000646400000| Untracked 
|   8|0x0000000646800000, 0x0000000646bffff8, 0x0000000646c00000| 99%| O|  |TAMS 0x0000000646800000| PB 0x0000000646800000| Untracked 
|   9|0x0000000646c00000, 0x0000000646c00000, 0x0000000647000000|  0%| F|  |TAMS 0x0000000646c00000| PB 0x0000000646c00000| Untracked 
|  10|0x0000000647000000, 0x0000000647000000, 0x0000000647400000|  0%| F|  |TAMS 0x0000000647000000| PB 0x0000000647000000| Untracked 
|  11|0x0000000647400000, 0x00000006477ffff0, 0x0000000647800000| 99%| O|Cm|TAMS 0x0000000647400000| PB 0x0000000647400000| Complete 
|  12|0x0000000647800000, 0x0000000647bfffe0, 0x0000000647c00000| 99%| O|Cm|TAMS 0x0000000647800000| PB 0x0000000647800000| Complete 
|  13|0x0000000647c00000, 0x0000000647ffffe8, 0x0000000648000000| 99%| O|  |TAMS 0x0000000647c00000| PB 0x0000000647c00000| Untracked 
|  14|0x0000000648000000, 0x0000000648000000, 0x0000000648400000|  0%| F|  |TAMS 0x0000000648000000| PB 0x0000000648000000| Untracked 
|  15|0x0000000648400000, 0x000000064866d330, 0x0000000648800000| 60%| O|  |TAMS 0x0000000648400000| PB 0x0000000648400000| Untracked 
|  16|0x0000000648800000, 0x0000000648a978a0, 0x0000000648c00000| 64%| O|  |TAMS 0x0000000648800000| PB 0x0000000648800000| Untracked 
|  17|0x0000000648c00000, 0x0000000648c00000, 0x0000000649000000|  0%| F|  |TAMS 0x0000000648c00000| PB 0x0000000648c00000| Untracked 
|  18|0x0000000649000000, 0x0000000649400000, 0x0000000649400000|100%| O|  |TAMS 0x0000000649000000| PB 0x0000000649000000| Untracked 
|  19|0x0000000649400000, 0x0000000649800000, 0x0000000649800000|100%| O|  |TAMS 0x0000000649400000| PB 0x0000000649400000| Untracked 
|  20|0x0000000649800000, 0x0000000649a6ff40, 0x0000000649c00000| 60%| O|  |TAMS 0x0000000649800000| PB 0x0000000649800000| Untracked 
|  21|0x0000000649c00000, 0x0000000649c00000, 0x000000064a000000|  0%| F|  |TAMS 0x0000000649c00000| PB 0x0000000649c00000| Untracked 
|  22|0x000000064a000000, 0x000000064a000000, 0x000000064a400000|  0%| F|  |TAMS 0x000000064a000000| PB 0x000000064a000000| Untracked 
|  23|0x000000064a400000, 0x000000064a400000, 0x000000064a800000|  0%| F|  |TAMS 0x000000064a400000| PB 0x000000064a400000| Untracked 
|  24|0x000000064a800000, 0x000000064a800000, 0x000000064ac00000|  0%| F|  |TAMS 0x000000064a800000| PB 0x000000064a800000| Untracked 
|  25|0x000000064ac00000, 0x000000064ac00000, 0x000000064b000000|  0%| F|  |TAMS 0x000000064ac00000| PB 0x000000064ac00000| Untracked 
|  26|0x000000064b000000, 0x000000064b000000, 0x000000064b400000|  0%| F|  |TAMS 0x000000064b000000| PB 0x000000064b000000| Untracked 
|  27|0x000000064b400000, 0x000000064b400000, 0x000000064b800000|  0%| F|  |TAMS 0x000000064b400000| PB 0x000000064b400000| Untracked 
|  28|0x000000064b800000, 0x000000064b800000, 0x000000064bc00000|  0%| F|  |TAMS 0x000000064b800000| PB 0x000000064b800000| Untracked 
|  29|0x000000064bc00000, 0x000000064bf69da0, 0x000000064c000000| 85%| S|CS|TAMS 0x000000064bc00000| PB 0x000000064bc00000| Complete 
|  30|0x000000064c000000, 0x000000064c400000, 0x000000064c400000|100%| S|CS|TAMS 0x000000064c000000| PB 0x000000064c000000| Complete 
|  31|0x000000064c400000, 0x000000064c400000, 0x000000064c800000|  0%| F|  |TAMS 0x000000064c400000| PB 0x000000064c400000| Untracked 
|  32|0x000000064c800000, 0x000000064c800000, 0x000000064cc00000|  0%| F|  |TAMS 0x000000064c800000| PB 0x000000064c800000| Untracked 
|  33|0x000000064cc00000, 0x000000064cc00000, 0x000000064d000000|  0%| F|  |TAMS 0x000000064cc00000| PB 0x000000064cc00000| Untracked 
|  34|0x000000064d000000, 0x000000064d000000, 0x000000064d400000|  0%| F|  |TAMS 0x000000064d000000| PB 0x000000064d000000| Untracked 
|  35|0x000000064d400000, 0x000000064d400000, 0x000000064d800000|  0%| F|  |TAMS 0x000000064d400000| PB 0x000000064d400000| Untracked 
|  36|0x000000064d800000, 0x000000064d800000, 0x000000064dc00000|  0%| F|  |TAMS 0x000000064d800000| PB 0x000000064d800000| Untracked 
|  37|0x000000064dc00000, 0x000000064dc00000, 0x000000064e000000|  0%| F|  |TAMS 0x000000064dc00000| PB 0x000000064dc00000| Untracked 
|  38|0x000000064e000000, 0x000000064e000000, 0x000000064e400000|  0%| F|  |TAMS 0x000000064e000000| PB 0x000000064e000000| Untracked 
|  39|0x000000064e400000, 0x000000064e400000, 0x000000064e800000|  0%| F|  |TAMS 0x000000064e400000| PB 0x000000064e400000| Untracked 
|  40|0x000000064e800000, 0x000000064e800000, 0x000000064ec00000|  0%| F|  |TAMS 0x000000064e800000| PB 0x000000064e800000| Untracked 
|  41|0x000000064ec00000, 0x000000064ec00000, 0x000000064f000000|  0%| F|  |TAMS 0x000000064ec00000| PB 0x000000064ec00000| Untracked 
|  42|0x000000064f000000, 0x000000064f000000, 0x000000064f400000|  0%| F|  |TAMS 0x000000064f000000| PB 0x000000064f000000| Untracked 
|  43|0x000000064f400000, 0x000000064f400000, 0x000000064f800000|  0%| F|  |TAMS 0x000000064f400000| PB 0x000000064f400000| Untracked 
|  44|0x000000064f800000, 0x000000064f800000, 0x000000064fc00000|  0%| F|  |TAMS 0x000000064f800000| PB 0x000000064f800000| Untracked 
|  45|0x000000064fc00000, 0x000000064fc00000, 0x0000000650000000|  0%| F|  |TAMS 0x000000064fc00000| PB 0x000000064fc00000| Untracked 
|  46|0x0000000650000000, 0x0000000650000000, 0x0000000650400000|  0%| F|  |TAMS 0x0000000650000000| PB 0x0000000650000000| Untracked 
|  47|0x0000000650400000, 0x0000000650400000, 0x0000000650800000|  0%| F|  |TAMS 0x0000000650400000| PB 0x0000000650400000| Untracked 
|  48|0x0000000650800000, 0x0000000650948af8, 0x0000000650c00000| 32%| E|  |TAMS 0x0000000650800000| PB 0x0000000650800000| Complete 
| 110|0x0000000660000000, 0x0000000660400000, 0x0000000660400000|100%| E|CS|TAMS 0x0000000660000000| PB 0x0000000660000000| Complete 

Card table byte_map: [0x00000208da890000,0x00000208db670000] _byte_map_base: 0x00000208d766c000

Marking Bits: (CMBitMap*) 0x00000208ce0bd110
 Bits: [0x00000208db670000, 0x00000208e2550000)

Polling page: 0x00000208cbbe0000

Metaspace:

Usage:
  Non-class:     70.43 MB used.
      Class:     11.47 MB used.
       Both:     81.89 MB used.

Virtual space:
  Non-class space:      128.00 MB reserved,      71.00 MB ( 55%) committed,  2 nodes.
      Class space:        1.00 GB reserved,      11.88 MB (  1%) committed,  1 nodes.
             Both:        1.12 GB reserved,      82.88 MB (  7%) committed. 

Chunk freelists:
   Non-Class:  9.04 MB
       Class:  4.24 MB
        Both:  13.28 MB

MaxMetaspaceSize: unlimited
CompressedClassSpaceSize: 1.00 GB
Initial GC threshold: 21.00 MB
Current GC threshold: 138.12 MB
CDS: on
 - commit_granule_bytes: 65536.
 - commit_granule_words: 8192.
 - virtual_space_node_default_size: 8388608.
 - enlarge_chunks_in_place: 1.
 - use_allocation_guard: 0.


Internal statistics:

num_allocs_failed_limit: 9.
num_arena_births: 1984.
num_arena_deaths: 1042.
num_vsnodes_births: 3.
num_vsnodes_deaths: 0.
num_space_committed: 1326.
num_space_uncommitted: 0.
num_chunks_returned_to_freelist: 1210.
num_chunks_taken_from_freelist: 5431.
num_chunk_merges: 228.
num_chunk_splits: 3510.
num_chunks_enlarged: 2637.
num_inconsistent_stats: 0.

CodeCache: size=49152Kb used=24275Kb max_used=25400Kb free=24877Kb
 bounds [0x00000208d6450000, 0x00000208d7db0000, 0x00000208d9450000]
 total_blobs=10355 nmethods=9620 adapters=650
 compilation: enabled
              stopped_count=0, restarted_count=0
 full_count=0

Compilation events (20 events):
Event: 1571.031 Thread 0x00000208e565aaf0 nmethod 13699 0x00000208d7685290 code [0x00000208d7685420, 0x00000208d76854f0]
Event: 1571.031 Thread 0x000002092f41e420 nmethod 13667 0x00000208d7684790 code [0x00000208d7684a00, 0x00000208d7685028]
Event: 1571.031 Thread 0x000002092c12f6f0 13717       1       java.lang.reflect.Constructor::getExceptionTypes (11 bytes)
Event: 1571.031 Thread 0x000002092c12f6f0 nmethod 13717 0x00000208d7684410 code [0x00000208d76845c0, 0x00000208d76846f8]
Event: 1571.031 Thread 0x000002092f41dd50 13718       1       java.io.ObjectStreamField::getTypeCode (9 bytes)
Event: 1571.031 Thread 0x000002092c12f6f0 13719       1       java.io.ObjectOutputStream$BlockDataOutputStream::setBlockDataMode (35 bytes)
Event: 1571.032 Thread 0x000002092c12f6f0 nmethod 13719 0x00000208d7684090 code [0x00000208d7684240, 0x00000208d7684390]
Event: 1571.032 Thread 0x000002092c12f6f0 13720       1       java.io.ObjectStreamClass::requireInitialized (19 bytes)
Event: 1571.032 Thread 0x000002092c12dbb0 13721   !   1       java.io.ObjectOutputStream::defaultWriteFields (288 bytes)
Event: 1571.032 Thread 0x000002092f41dd50 nmethod 13718 0x00000208d7683a90 code [0x00000208d7683c40, 0x00000208d7683e50]
Event: 1571.032 Thread 0x000002092c12c070 13722       1       java.io.ObjectStreamClass::checkDefaultSerialize (20 bytes)
Event: 1571.032 Thread 0x000002092c12f6f0 nmethod 13720 0x00000208d7683690 code [0x00000208d7683840, 0x00000208d76839b8]
Event: 1571.032 Thread 0x000002092c12c070 nmethod 13722 0x00000208d7683110 code [0x00000208d76832e0, 0x00000208d7683508]
Event: 1571.032 Thread 0x000002092c12dbb0 nmethod 13721 0x00000208d7682010 code [0x00000208d7682260, 0x00000208d7682a80]
Event: 1571.037 Thread 0x000002092c12f020 13723       1       io.micrometer.core.instrument.Tags$ArrayIterator::next (5 bytes)
Event: 1571.037 Thread 0x000002092f41dd50 13724       1       io.micrometer.core.instrument.Tags$ArrayIterator::next (20 bytes)
Event: 1571.038 Thread 0x000002092f41dd50 nmethod 13724 0x00000208d7681c90 code [0x00000208d7681e20, 0x00000208d7681f30]
Event: 1571.038 Thread 0x000002092c12f020 nmethod 13723 0x00000208d7681890 code [0x00000208d7681a20, 0x00000208d7681b30]
Event: 1573.498 Thread 0x000002092c12c070 13725       1       org.springframework.core.ResolvableType$SyntheticParameterizedType::equals (64 bytes)
Event: 1573.499 Thread 0x000002092c12c070 nmethod 13725 0x00000208d7681290 code [0x00000208d7681480, 0x00000208d7681770]

GC Heap History (20 events):
Event: 1447.795 GC heap before
{Heap before GC invocations=39 (full 4):
 garbage-first heap   total 167936K, used 140507K [0x0000000644800000, 0x0000000800000000)
  region size 4096K, 22 young (90112K), 2 survivors (8192K)
 Metaspace       used 83100K, committed 83968K, reserved 1179648K
  class space    used 11703K, committed 12096K, reserved 1048576K
}
Event: 1447.800 GC heap after
{Heap after GC invocations=40 (full 4):
 garbage-first heap   total 167936K, used 61218K [0x0000000644800000, 0x0000000800000000)
  region size 4096K, 3 young (12288K), 3 survivors (12288K)
 Metaspace       used 83100K, committed 83968K, reserved 1179648K
  class space    used 11703K, committed 12096K, reserved 1048576K
}
Event: 1453.694 GC heap before
{Heap before GC invocations=40 (full 4):
 garbage-first heap   total 167936K, used 122658K [0x0000000644800000, 0x0000000800000000)
  region size 4096K, 19 young (77824K), 3 survivors (12288K)
 Metaspace       used 83113K, committed 84032K, reserved 1179648K
  class space    used 11706K, committed 12096K, reserved 1048576K
}
Event: 1453.818 GC heap after
{Heap after GC invocations=41 (full 5):
 garbage-first heap   total 167936K, used 58477K [0x0000000644800000, 0x0000000800000000)
  region size 4096K, 0 young (0K), 0 survivors (0K)
 Metaspace       used 83110K, committed 84032K, reserved 1179648K
  class space    used 11706K, committed 12096K, reserved 1048576K
}
Event: 1454.525 GC heap before
{Heap before GC invocations=41 (full 5):
 garbage-first heap   total 167936K, used 140397K [0x0000000644800000, 0x0000000800000000)
  region size 4096K, 21 young (86016K), 0 survivors (0K)
 Metaspace       used 83267K, committed 84160K, reserved 1179648K
  class space    used 11729K, committed 12096K, reserved 1048576K
}
Event: 1454.532 GC heap after
{Heap after GC invocations=42 (full 5):
 garbage-first heap   total 167936K, used 64201K [0x0000000644800000, 0x0000000800000000)
  region size 4096K, 2 young (8192K), 2 survivors (8192K)
 Metaspace       used 83267K, committed 84160K, reserved 1179648K
  class space    used 11729K, committed 12096K, reserved 1048576K
}
Event: 1454.948 GC heap before
{Heap before GC invocations=43 (full 5):
 garbage-first heap   total 167936K, used 133833K [0x0000000644800000, 0x0000000800000000)
  region size 4096K, 19 young (77824K), 2 survivors (8192K)
 Metaspace       used 83585K, committed 84480K, reserved 1179648K
  class space    used 11753K, committed 12160K, reserved 1048576K
}
Event: 1454.951 GC heap after
{Heap after GC invocations=44 (full 5):
 garbage-first heap   total 167936K, used 66870K [0x0000000644800000, 0x0000000800000000)
  region size 4096K, 3 young (12288K), 3 survivors (12288K)
 Metaspace       used 83585K, committed 84480K, reserved 1179648K
  class space    used 11753K, committed 12160K, reserved 1048576K
}
Event: 1455.246 GC heap before
{Heap before GC invocations=44 (full 5):
 garbage-first heap   total 167936K, used 128310K [0x0000000644800000, 0x0000000800000000)
  region size 4096K, 18 young (73728K), 3 survivors (12288K)
 Metaspace       used 83591K, committed 84480K, reserved 1179648K
  class space    used 11756K, committed 12160K, reserved 1048576K
}
Event: 1455.249 GC heap after
{Heap after GC invocations=45 (full 5):
 garbage-first heap   total 167936K, used 69519K [0x0000000644800000, 0x0000000800000000)
  region size 4096K, 2 young (8192K), 2 survivors (8192K)
 Metaspace       used 83591K, committed 84480K, reserved 1179648K
  class space    used 11756K, committed 12160K, reserved 1048576K
}
Event: 1482.178 GC heap before
{Heap before GC invocations=45 (full 5):
 garbage-first heap   total 167936K, used 94095K [0x0000000644800000, 0x0000000800000000)
  region size 4096K, 9 young (36864K), 2 survivors (8192K)
 Metaspace       used 83610K, committed 84544K, reserved 1179648K
  class space    used 11757K, committed 12160K, reserved 1048576K
}
Event: 1482.294 GC heap after
{Heap after GC invocations=46 (full 6):
 garbage-first heap   total 167936K, used 65336K [0x0000000644800000, 0x0000000800000000)
  region size 4096K, 0 young (0K), 0 survivors (0K)
 Metaspace       used 83606K, committed 84544K, reserved 1179648K
  class space    used 11756K, committed 12160K, reserved 1048576K
}
Event: 1482.951 GC heap before
{Heap before GC invocations=46 (full 6):
 garbage-first heap   total 167936K, used 147256K [0x0000000644800000, 0x0000000800000000)
  region size 4096K, 20 young (81920K), 0 survivors (0K)
 Metaspace       used 83760K, committed 84672K, reserved 1179648K
  class space    used 11775K, committed 12160K, reserved 1048576K
}
Event: 1482.958 GC heap after
{Heap after GC invocations=47 (full 6):
 garbage-first heap   total 167936K, used 70811K [0x0000000644800000, 0x0000000800000000)
  region size 4096K, 2 young (8192K), 2 survivors (8192K)
 Metaspace       used 83760K, committed 84672K, reserved 1179648K
  class space    used 11775K, committed 12160K, reserved 1048576K
}
Event: 1484.871 GC heap before
{Heap before GC invocations=48 (full 6):
 garbage-first heap   total 167936K, used 136347K [0x0000000644800000, 0x0000000800000000)
  region size 4096K, 18 young (73728K), 2 survivors (8192K)
 Metaspace       used 83812K, committed 84864K, reserved 1179648K
  class space    used 11732K, committed 12160K, reserved 1048576K
}
Event: 1484.874 GC heap after
{Heap after GC invocations=49 (full 6):
 garbage-first heap   total 167936K, used 74147K [0x0000000644800000, 0x0000000800000000)
  region size 4096K, 3 young (12288K), 3 survivors (12288K)
 Metaspace       used 83812K, committed 84864K, reserved 1179648K
  class space    used 11732K, committed 12160K, reserved 1048576K
}
Event: 1485.145 GC heap before
{Heap before GC invocations=49 (full 6):
 garbage-first heap   total 167936K, used 131491K [0x0000000644800000, 0x0000000800000000)
  region size 4096K, 17 young (69632K), 3 survivors (12288K)
 Metaspace       used 83820K, committed 84864K, reserved 1179648K
  class space    used 11735K, committed 12160K, reserved 1048576K
}
Event: 1485.150 GC heap after
{Heap after GC invocations=50 (full 6):
 garbage-first heap   total 167936K, used 67369K [0x0000000644800000, 0x0000000800000000)
  region size 4096K, 2 young (8192K), 2 survivors (8192K)
 Metaspace       used 83820K, committed 84864K, reserved 1179648K
  class space    used 11735K, committed 12160K, reserved 1048576K
}
Event: 1537.301 GC heap before
{Heap before GC invocations=50 (full 6):
 garbage-first heap   total 167936K, used 104233K [0x0000000644800000, 0x0000000800000000)
  region size 4096K, 12 young (49152K), 2 survivors (8192K)
 Metaspace       used 83832K, committed 84864K, reserved 1179648K
  class space    used 11737K, committed 12160K, reserved 1048576K
}
Event: 1537.307 GC heap after
{Heap after GC invocations=51 (full 6):
 garbage-first heap   total 204800K, used 68473K [0x0000000644800000, 0x0000000800000000)
  region size 4096K, 2 young (8192K), 2 survivors (8192K)
 Metaspace       used 83832K, committed 84864K, reserved 1179648K
  class space    used 11737K, committed 12160K, reserved 1048576K
}

Dll operation events (13 events):
Event: 0.017 Loaded shared library C:\Program Files\Java\jdk-21\bin\java.dll
Event: 0.390 Loaded shared library C:\Program Files\Java\jdk-21\bin\zip.dll
Event: 0.393 Loaded shared library C:\Program Files\Java\jdk-21\bin\instrument.dll
Event: 0.398 Loaded shared library C:\Program Files\Java\jdk-21\bin\net.dll
Event: 0.398 Loaded shared library C:\Program Files\Java\jdk-21\bin\nio.dll
Event: 0.403 Loaded shared library C:\Program Files\Java\jdk-21\bin\zip.dll
Event: 0.503 Loaded shared library C:\Program Files\Java\jdk-21\bin\jimage.dll
Event: 0.539 Loaded shared library C:\Program Files\Java\jdk-21\bin\management.dll
Event: 0.546 Loaded shared library C:\Program Files\Java\jdk-21\bin\management_ext.dll
Event: 0.695 Loaded shared library C:\Program Files\Java\jdk-21\bin\extnet.dll
Event: 0.713 Loaded shared library C:\Program Files\Java\jdk-21\bin\verify.dll
Event: 1.794 Loaded shared library C:\Program Files\Java\jdk-21\bin\sunmscapi.dll
Event: 3.093 Loaded shared library C:\Users\1037629\Downloads\apache-tomcat-9.0.85-windows-x64\apache-tomcat-9.0.85\bin\tcnative-1.dll

Deoptimization events (20 events):
Event: 1573.496 Thread 0x000002092f01dc40 DEOPT PACKING pc=0x00000208d6f1b03c sp=0x00000061ebbfef80
Event: 1573.496 Thread 0x000002092f01dc40 DEOPT UNPACKING pc=0x00000208d64a88e2 sp=0x00000061ebbfe440 mode 1
Event: 1573.502 Thread 0x000002092f01f680 DEOPT PACKING pc=0x00000208d65f67f4 sp=0x00000061ecaff220
Event: 1573.502 Thread 0x000002092f01f680 DEOPT UNPACKING pc=0x00000208d64a88e2 sp=0x00000061ecafe7c8 mode 1
Event: 1573.502 Thread 0x000002092f0210c0 DEOPT PACKING pc=0x00000208d65f67f4 sp=0x00000061ed1fed70
Event: 1573.502 Thread 0x000002092f0210c0 DEOPT UNPACKING pc=0x00000208d64a88e2 sp=0x00000061ed1fe318 mode 1
Event: 1573.502 Thread 0x000002092f01c200 DEOPT PACKING pc=0x00000208d65f67f4 sp=0x00000061eceff0b0
Event: 1573.502 Thread 0x000002092f01c200 DEOPT UNPACKING pc=0x00000208d64a88e2 sp=0x00000061ecefe658 mode 1
Event: 1573.502 Thread 0x000002092f01fd10 DEOPT PACKING pc=0x00000208d65f67f4 sp=0x00000061ecfff150
Event: 1573.502 Thread 0x000002092f01fd10 DEOPT UNPACKING pc=0x00000208d64a88e2 sp=0x00000061ecffe6f8 mode 1
Event: 1573.502 Thread 0x000002092f01ae50 DEOPT PACKING pc=0x00000208d65f67f4 sp=0x00000061ecbfeca0
Event: 1573.502 Thread 0x000002092f01ae50 DEOPT UNPACKING pc=0x00000208d64a88e2 sp=0x00000061ecbfe248 mode 1
Event: 1573.502 Thread 0x000002092f01d5b0 DEOPT PACKING pc=0x00000208d65f67f4 sp=0x00000061ec8fed50
Event: 1573.502 Thread 0x000002092f01d5b0 DEOPT UNPACKING pc=0x00000208d64a88e2 sp=0x00000061ec8fe2f8 mode 1
Event: 1573.502 Thread 0x000002092f020a30 DEOPT PACKING pc=0x00000208d65f67f4 sp=0x00000061ed2fefc0
Event: 1573.502 Thread 0x000002092f020a30 DEOPT UNPACKING pc=0x00000208d64a88e2 sp=0x00000061ed2fe568 mode 1
Event: 1573.502 Thread 0x000002092f01bb70 DEOPT PACKING pc=0x00000208d65f67f4 sp=0x00000061ec9feb60
Event: 1573.502 Thread 0x000002092f01bb70 DEOPT UNPACKING pc=0x00000208d64a88e2 sp=0x00000061ec9fe108 mode 1
Event: 1573.502 Thread 0x000002092f01b4e0 DEOPT PACKING pc=0x00000208d65f67f4 sp=0x00000061ecdff260
Event: 1573.502 Thread 0x000002092f01b4e0 DEOPT UNPACKING pc=0x00000208d64a88e2 sp=0x00000061ecdfe808 mode 1

Classes loaded (20 events):
Event: 11.606 Loading class java/util/ArrayDeque$DescendingIterator
Event: 11.606 Loading class java/util/ArrayDeque$DescendingIterator done
Event: 11.634 Loading class java/time/format/DateTimeFormatterBuilder$ZoneTextPrinterParser
Event: 11.634 Loading class java/time/format/DateTimeFormatterBuilder$ZoneTextPrinterParser done
Event: 11.634 Loading class java/time/format/DateTimeFormatterBuilder$ReducedPrinterParser
Event: 11.635 Loading class java/time/format/DateTimeFormatterBuilder$ReducedPrinterParser done
Event: 24.580 Loading class java/util/ArrayList$SubList$2
Event: 24.580 Loading class java/util/ArrayList$SubList$2 done
Event: 1081.024 Loading class java/util/concurrent/locks/ReentrantReadWriteLock$Sync$HoldCounter
Event: 1081.024 Loading class java/util/concurrent/locks/ReentrantReadWriteLock$Sync$HoldCounter done
Event: 1371.422 Loading class java/util/concurrent/locks/AbstractQueuedSynchronizer$SharedNode
Event: 1371.422 Loading class java/util/concurrent/locks/AbstractQueuedSynchronizer$SharedNode done
Event: 1371.426 Loading class javax/management/NotificationBroadcasterSupport$WildcardListenerInfo
Event: 1371.426 Loading class javax/management/NotificationBroadcasterSupport$WildcardListenerInfo done
Event: 1371.599 Loading class java/lang/ref/Finalizer$2
Event: 1371.600 Loading class java/lang/ref/Finalizer$2 done
Event: 1371.602 Loading class java/lang/ref/Finalizer$1
Event: 1371.602 Loading class java/lang/ref/Finalizer$1 done
Event: 1375.232 Loading class java/time/DurationEditor
Event: 1375.232 Loading class java/time/DurationEditor done

Classes unloaded (20 events):
Event: 1483.012 Thread 0x00000208e27cf140 Unloading class 0x00000208e7a2c000 'java/lang/invoke/LambdaForm$MH+0x00000208e7a2c000'
Event: 1483.012 Thread 0x00000208e27cf140 Unloading class 0x00000208e7a34c00 'java/lang/invoke/LambdaForm$MH+0x00000208e7a34c00'
Event: 1483.012 Thread 0x00000208e27cf140 Unloading class 0x00000208e7a49800 'java/lang/invoke/LambdaForm$MH+0x00000208e7a49800'
Event: 1483.012 Thread 0x00000208e27cf140 Unloading class 0x00000208e7a4a800 'java/lang/invoke/LambdaForm$MH+0x00000208e7a4a800'
Event: 1483.012 Thread 0x00000208e27cf140 Unloading class 0x00000208e7a5c000 'java/lang/invoke/LambdaForm$MH+0x00000208e7a5c000'
Event: 1483.012 Thread 0x00000208e27cf140 Unloading class 0x00000208e7a84c00 'java/lang/invoke/LambdaForm$MH+0x00000208e7a84c00'
Event: 1483.012 Thread 0x00000208e27cf140 Unloading class 0x00000208e7a85400 'java/lang/invoke/LambdaForm$MH+0x00000208e7a85400'
Event: 1483.012 Thread 0x00000208e27cf140 Unloading class 0x00000208e7a87000 'java/lang/invoke/LambdaForm$MH+0x00000208e7a87000'
Event: 1483.012 Thread 0x00000208e27cf140 Unloading class 0x00000208e7a89c00 'jdk/internal/reflect/GeneratedSerializationConstructorAccessor40'
Event: 1483.012 Thread 0x00000208e27cf140 Unloading class 0x00000208e7a8a400 'jdk/internal/reflect/GeneratedSerializationConstructorAccessor39'
Event: 1483.012 Thread 0x00000208e27cf140 Unloading class 0x00000208e7a8b000 'jdk/internal/reflect/GeneratedSerializationConstructorAccessor38'
Event: 1483.012 Thread 0x00000208e27cf140 Unloading class 0x00000208e7a91400 'jdk/internal/reflect/GeneratedSerializationConstructorAccessor37'
Event: 1483.012 Thread 0x00000208e27cf140 Unloading class 0x00000208e7a91c00 'jdk/internal/reflect/GeneratedSerializationConstructorAccessor36'
Event: 1483.012 Thread 0x00000208e27cf140 Unloading class 0x00000208e7a98400 'jdk/internal/reflect/GeneratedSerializationConstructorAccessor35'
Event: 1483.012 Thread 0x00000208e27cf140 Unloading class 0x00000208e7aa4000 'jdk/internal/reflect/GeneratedSerializationConstructorAccessor34'
Event: 1483.012 Thread 0x00000208e27cf140 Unloading class 0x00000208e7ad3800 'java/lang/invoke/LambdaForm$MH+0x00000208e7ad3800'
Event: 1483.012 Thread 0x00000208e27cf140 Unloading class 0x00000208e7ad5400 'java/lang/invoke/LambdaForm$MH+0x00000208e7ad5400'
Event: 1483.012 Thread 0x00000208e27cf140 Unloading class 0x00000208e7b08800 'java/lang/invoke/LambdaForm$MH+0x00000208e7b08800'
Event: 1483.012 Thread 0x00000208e27cf140 Unloading class 0x00000208e7940000 'java/lang/invoke/LambdaForm$MH+0x00000208e7940000'
Event: 1537.386 Thread 0x00000208e27cf140 Unloading class 0x00000208e700a800 'org/apache/catalina/loader/JdbcLeakPrevention'

Classes redefined (3 events):
Event: 1369.824 Thread 0x00000208e27cf140 redefined class name=com.blueyonder.ecomm_service.controller.CategoryController, count=1
Event: 1378.010 Thread 0x00000208e27cf140 redefined class name=com.blueyonder.ecomm_service.controller.CategoryController, count=2
Event: 1378.010 Thread 0x00000208e27cf140 redefined class name=com.blueyonder.ecomm_service.controller.CategoryController, count=1

Internal exceptions (20 events):
Event: 1454.303 Thread 0x000002092bbd6f20 Exception <a 'java/lang/ArrayIndexOutOfBoundsException'{0x000000064bbc34c8}> (0x000000064bbc34c8) 
thrown [s\open\src\hotspot\share\runtime\sharedRuntime.cpp, line 625]
Event: 1454.307 Thread 0x000002092bbd6f20 Exception <a 'java/lang/ArrayIndexOutOfBoundsException'{0x000000064b4055d8}> (0x000000064b4055d8) 
thrown [s\open\src\hotspot\share\runtime\sharedRuntime.cpp, line 625]
Event: 1454.307 Thread 0x000002092bbd6f20 Exception <a 'java/lang/ArrayIndexOutOfBoundsException'{0x000000064b405bb0}> (0x000000064b405bb0) 
thrown [s\open\src\hotspot\share\runtime\sharedRuntime.cpp, line 625]
Event: 1454.392 Thread 0x000002092bbd6f20 Exception <a 'java/io/FileNotFoundException'{0x000000064a93ec80}> (0x000000064a93ec80) 
thrown [s\open\src\hotspot\share\prims\jni.cpp, line 520]
Event: 1454.804 Thread 0x000002092bbd6f20 Exception <a 'java/io/FileNotFoundException'{0x000000064cf18890}> (0x000000064cf18890) 
thrown [s\open\src\hotspot\share\prims\jni.cpp, line 520]
Event: 1482.176 Thread 0x000002092b884dd0 Exception <a 'java/lang/InterruptedException'{0x000000064d28e010}: sleep interrupted> (0x000000064d28e010) 
thrown [s\open\src\hotspot\share\prims\jvm.cpp, line 3074]
Event: 1482.309 Thread 0x000002092f01e960 Exception <a 'sun/nio/fs/WindowsException'{0x00000006600ab7c8}> (0x00000006600ab7c8) 
thrown [s\open\src\hotspot\share\prims\jni.cpp, line 520]
Event: 1482.379 Thread 0x000002092f01eff0 Exception <a 'java/lang/NoClassDefFoundError'{0x000000064e016ed0}: org/glassfish/jersey/server/monitoring/ApplicationEventListener> (0x000000064e016ed0) 
thrown [s\open\src\hotspot\share\classfile\systemDictionary.cpp, line 301]
Event: 1482.718 Thread 0x000002092f01e960 Exception <a 'java/lang/NoClassDefFoundError'{0x000000064b9b04a8}: org/flywaydb/core/Flyway> (0x000000064b9b04a8) 
thrown [s\open\src\hotspot\share\oops\constantPool.cpp, line 871]
Event: 1482.720 Thread 0x000002092f01e960 Exception <a 'java/lang/NoClassDefFoundError'{0x000000064b9b0b08}: liquibase/integration/spring/SpringLiquibase> (0x000000064b9b0b08) 
thrown [s\open\src\hotspot\share\oops\constantPool.cpp, line 871]
Event: 1482.722 Thread 0x000002092f01e960 Exception <a 'java/lang/NoClassDefFoundError'{0x000000064b9d5a00}: org/springframework/batch/core/repository/JobRepository> (0x000000064b9d5a00) 
thrown [s\open\src\hotspot\share\oops\constantPool.cpp, line 871]
Event: 1482.724 Thread 0x000002092f01e960 Exception <a 'java/lang/NoClassDefFoundError'{0x000000064b9d6058}: org/quartz/Scheduler> (0x000000064b9d6058) 
thrown [s\open\src\hotspot\share\oops\constantPool.cpp, line 871]
Event: 1482.725 Thread 0x000002092f01e960 Exception <a 'java/lang/NoClassDefFoundError'{0x000000064b9d66d8}: org/springframework/session/jdbc/JdbcIndexedSessionRepository> (0x000000064b9d66d8) 
thrown [s\open\src\hotspot\share\oops\constantPool.cpp, line 871]
Event: 1482.732 Thread 0x000002092f01e960 Exception <a 'java/lang/NoClassDefFoundError'{0x000000064ba69300}: org/jooq/DSLContext> (0x000000064ba69300) 
thrown [s\open\src\hotspot\share\oops\constantPool.cpp, line 871]
Event: 1482.750 Thread 0x000002092f01e960 Exception <a 'java/lang/ArrayIndexOutOfBoundsException'{0x000000064b413760}> (0x000000064b413760) 
thrown [s\open\src\hotspot\share\runtime\sharedRuntime.cpp, line 625]
Event: 1482.750 Thread 0x000002092f01e960 Exception <a 'java/lang/ArrayIndexOutOfBoundsException'{0x000000064b413d38}> (0x000000064b413d38) 
thrown [s\open\src\hotspot\share\runtime\sharedRuntime.cpp, line 625]
Event: 1482.753 Thread 0x000002092f01e960 Exception <a 'java/lang/ArrayIndexOutOfBoundsException'{0x000000064b456220}> (0x000000064b456220) 
thrown [s\open\src\hotspot\share\runtime\sharedRuntime.cpp, line 625]
Event: 1482.753 Thread 0x000002092f01e960 Exception <a 'java/lang/ArrayIndexOutOfBoundsException'{0x000000064b4567f8}> (0x000000064b4567f8) 
thrown [s\open\src\hotspot\share\runtime\sharedRuntime.cpp, line 625]
Event: 1482.832 Thread 0x000002092f01e960 Exception <a 'java/io/FileNotFoundException'{0x000000064a98f968}> (0x000000064a98f968) 
thrown [s\open\src\hotspot\share\prims\jni.cpp, line 520]
Event: 1483.378 Thread 0x000002092f01e960 Exception <a 'java/io/FileNotFoundException'{0x000000064c43bbf8}> (0x000000064c43bbf8) 
thrown [s\open\src\hotspot\share\prims\jni.cpp, line 520]

ZGC Phase Switch (0 events):
No events

VM Operations (20 events):
Event: 1573.099 Executing VM operation: get/set locals
Event: 1573.099 Executing VM operation: get/set locals done
Event: 1573.099 Executing VM operation: get/set locals
Event: 1573.099 Executing VM operation: get/set locals done
Event: 1573.100 Executing VM operation: get/set locals
Event: 1573.100 Executing VM operation: get/set locals done
Event: 1573.100 Executing VM operation: get/set locals
Event: 1573.101 Executing VM operation: get/set locals done
Event: 1573.101 Executing VM operation: get/set locals
Event: 1573.101 Executing VM operation: get/set locals done
Event: 1573.557 Executing VM operation: get/set locals
Event: 1573.557 Executing VM operation: get/set locals done
Event: 1573.559 Executing VM operation: get/set locals
Event: 1573.559 Executing VM operation: get/set locals done
Event: 1573.560 Executing VM operation: get/set locals
Event: 1573.560 Executing VM operation: get/set locals done
Event: 1573.561 Executing VM operation: get/set locals
Event: 1573.561 Executing VM operation: get/set locals done
Event: 1573.561 Executing VM operation: get/set locals
Event: 1573.562 Executing VM operation: get/set locals done

Events (20 events):
Event: 1571.026 Thread 0x000002092f41ada0 Thread added: 0x000002092f41ada0
Event: 1571.027 Thread 0x000002092f41c210 Thread added: 0x000002092f41c210
Event: 1571.027 Thread 0x000002092f41dd50 Thread added: 0x000002092f41dd50
Event: 1571.027 Thread 0x000002092f41e420 Thread added: 0x000002092f41e420
Event: 1571.027 Thread 0x000002092f41b470 Thread added: 0x000002092f41b470
Event: 1573.497 Thread 0x000002092b884dd0 Thread added: 0x000002092b884dd0
Event: 1573.498 Thread 0x000002092f01dc40 Thread exited: 0x000002092f01dc40
Event: 1573.498 Thread 0x000002092f41b470 Thread exited: 0x000002092f41b470
Event: 1573.498 Thread 0x000002092f41e420 Thread exited: 0x000002092f41e420
Event: 1573.501 Thread 0x000002092b882670 Thread exited: 0x000002092b882670
Event: 1573.501 Thread 0x000002092f022470 Thread exited: 0x000002092f022470
Event: 1573.502 Thread 0x000002092f0210c0 Thread exited: 0x000002092f0210c0
Event: 1573.502 Thread 0x000002092f01f680 Thread exited: 0x000002092f01f680
Event: 1573.502 Thread 0x000002092f01bb70 Thread exited: 0x000002092f01bb70
Event: 1573.502 Thread 0x000002092f01c200 Thread exited: 0x000002092f01c200
Event: 1573.503 Thread 0x000002092f01d5b0 Thread exited: 0x000002092f01d5b0
Event: 1573.503 Thread 0x000002092f01ae50 Thread exited: 0x000002092f01ae50
Event: 1573.503 Thread 0x000002092f020a30 Thread exited: 0x000002092f020a30
Event: 1573.503 Thread 0x000002092f01fd10 Thread exited: 0x000002092f01fd10
Event: 1573.503 Thread 0x000002092f01b4e0 Thread exited: 0x000002092f01b4e0


Dynamic libraries:
0x00007ff7681e0000 - 0x00007ff7681f0000 	C:\Program Files\Java\jdk-21\bin\javaw.exe
0x00000208cb9b0000 - 0x00000208cbbc7000 	C:\WINDOWS\SYSTEM32\ntd1l.dll
0x00000208cb720000 - 0x00000208cb7e4000 	C:\WINDOWS\System32\kern3l32.dll
0x00007fff216d0000 - 0x00007fff218e7000 	C:\WINDOWS\SYSTEM32\ntdll.dll
0x00007fff20b00000 - 0x00007fff20bc4000 	C:\WINDOWS\System32\KERNEL32.DLL
0x00007fff1efd0000 - 0x00007fff1f376000 	C:\WINDOWS\System32\KERNELBASE.dll
0x00007fff1e610000 - 0x00007fff1e923000 	C:\Program Files\SentinelOne\Sentinel Agent 23.1.4.650\InProcessClient64.dll
0x00007fff21500000 - 0x00007fff215b3000 	C:\WINDOWS\System32\ADVAPI32.dll
0x00007fff215c0000 - 0x00007fff21667000 	C:\WINDOWS\System32\msvcrt.dll
0x00007fff208a0000 - 0x00007fff20948000 	C:\WINDOWS\System32\sechost.dll
0x00007fff1ee80000 - 0x00007fff1eea8000 	C:\WINDOWS\System32\bcrypt.dll
0x00007fff1f420000 - 0x00007fff1f537000 	C:\WINDOWS\System32\RPCRT4.dll
0x00007fff1ed60000 - 0x00007fff1ee71000 	C:\WINDOWS\System32\ucrtbase.dll
0x00007fff0b320000 - 0x00007fff0b33b000 	C:\Program Files\Java\jdk-21\bin\VCRUNTIME140.dll
0x00007ffed3610000 - 0x00007ffed3629000 	C:\Program Files\Java\jdk-21\bin\jli.dll
0x00007fff20950000 - 0x00007fff20afe000 	C:\WINDOWS\System32\USER32.dll
0x00007fff0b060000 - 0x00007fff0b2f3000 	C:\WINDOWS\WinSxS\amd64_microsoft.windows.common-controls_6595b64144ccf1df_6.0.22621.2506_none_270c5ae97388e100\COMCTL32.dll
0x00007fff1ed30000 - 0x00007fff1ed56000 	C:\WINDOWS\System32\win32u.dll
0x00007fff1f5b0000 - 0x00007fff1f5d9000 	C:\WINDOWS\System32\GDI32.dll
0x00007fff1eeb0000 - 0x00007fff1efc8000 	C:\WINDOWS\System32\gdi32full.dll
0x00007fff1f380000 - 0x00007fff1f41a000 	C:\WINDOWS\System32\msvcp_win.dll
0x00007fff1e320000 - 0x00007fff1e32a000 	C:\WINDOWS\SYSTEM32\VERSION.dll
0x00007fff1e400000 - 0x00007fff1e40b000 	C:\WINDOWS\SYSTEM32\FLTLIB.DLL
0x00007fff211e0000 - 0x00007fff21211000 	C:\WINDOWS\System32\IMM32.DLL
0x00007fff0ace0000 - 0x00007fff0acec000 	C:\Program Files\Java\jdk-21\bin\vcruntime140_1.dll
0x00007ffed2a40000 - 0x00007ffed2ace000 	C:\Program Files\Java\jdk-21\bin\msvcp140.dll
0x00007ffed3630000 - 0x00007ffed4345000 	C:\Program Files\Java\jdk-21\bin\server\jvm.dll
0x00007fff1fe60000 - 0x00007fff1fed1000 	C:\WINDOWS\System32\WS2_32.dll
0x00007fff1e5c0000 - 0x00007fff1e60d000 	C:\WINDOWS\SYSTEM32\POWRPROF.dll
0x00007fff160b0000 - 0x00007fff160e4000 	C:\WINDOWS\SYSTEM32\WINMM.dll
0x00007fff1e2a0000 - 0x00007fff1e2b3000 	C:\WINDOWS\SYSTEM32\UMPDC.dll
0x00007fff1d5e0000 - 0x00007fff1d5f8000 	C:\WINDOWS\SYSTEM32\kernel.appcore.dll
0x00007fff15540000 - 0x00007fff1554a000 	C:\Program Files\Java\jdk-21\bin\jimage.dll
0x00007fff1bc60000 - 0x00007fff1be93000 	C:\WINDOWS\SYSTEM32\DBGHELP.DLL
0x00007fff1f670000 - 0x00007fff1f9f9000 	C:\WINDOWS\System32\combase.dll
0x00007fff21100000 - 0x00007fff211d7000 	C:\WINDOWS\System32\OLEAUT32.dll
0x00007fff13c90000 - 0x00007fff13cc2000 	C:\WINDOWS\SYSTEM32\dbgcore.DLL
0x00007fff1eb80000 - 0x00007fff1ebfa000 	C:\WINDOWS\System32\bcryptPrimitives.dll
0x00007fff16270000 - 0x00007fff162ac000 	C:\Program Files\Java\jdk-21\bin\jdwp.dll
0x00007fff15530000 - 0x00007fff1553f000 	C:\Program Files\Java\jdk-21\bin\instrument.dll
0x00007ffeeb9c0000 - 0x00007ffeeb9df000 	C:\Program Files\Java\jdk-21\bin\java.dll
0x00007ffed3590000 - 0x00007ffed360b000 	C:\Program Files\SentinelOne\Sentinel Agent 23.1.4.650\SentinelJava64.dll
0x00007fff1fc90000 - 0x00007fff1fe30000 	C:\WINDOWS\System32\ole32.dll
0x00007fff1ffe0000 - 0x00007fff2083b000 	C:\WINDOWS\System32\SHELL32.dll
0x00007fff1c310000 - 0x00007fff1cc06000 	C:\WINDOWS\SYSTEM32\windows.storage.dll
0x00007fff1c1d0000 - 0x00007fff1c30e000 	C:\WINDOWS\SYSTEM32\wintypes.dll
0x00007fff21400000 - 0x00007fff214f3000 	C:\WINDOWS\System32\SHCORE.dll
0x00007fff20840000 - 0x00007fff2089e000 	C:\WINDOWS\System32\shlwapi.dll
0x00007fff1e940000 - 0x00007fff1e966000 	C:\WINDOWS\SYSTEM32\profapi.dll
0x00007fff1b4b0000 - 0x00007fff1b4bc000 	C:\Program Files\Java\jdk-21\bin\dt_socket.dll
0x00007fff1ce60000 - 0x00007fff1ce8d000 	C:\WINDOWS\SYSTEM32\IPHLPAPI.DLL
0x00007fff1db90000 - 0x00007fff1dbf9000 	C:\WINDOWS\system32\mswsock.dll
0x00007fff1ce90000 - 0x00007fff1cf89000 	C:\WINDOWS\SYSTEM32\DNSAPI.dll
0x00007fff1fe30000 - 0x00007fff1fe39000 	C:\WINDOWS\System32\NSI.dll
0x00007fff160f0000 - 0x00007fff160fa000 	C:\Windows\System32\rasadhlp.dll
0x00007fff16c90000 - 0x00007fff16d13000 	C:\WINDOWS\System32\fwpuclnt.dll
0x00007ffed3570000 - 0x00007ffed3588000 	C:\Program Files\Java\jdk-21\bin\zip.dll
0x00007ffeeb9b0000 - 0x00007ffeeb9c0000 	C:\Program Files\Java\jdk-21\bin\net.dll
0x00007fff1d600000 - 0x00007fff1d737000 	C:\WINDOWS\SYSTEM32\WINHTTP.dll
0x00007ffed3550000 - 0x00007ffed3566000 	C:\Program Files\Java\jdk-21\bin\nio.dll
0x00007ffee1c40000 - 0x00007ffee1c4a000 	C:\Program Files\Java\jdk-21\bin\management.dll
0x00007ffee1c30000 - 0x00007ffee1c3b000 	C:\Program Files\Java\jdk-21\bin\management_ext.dll
0x00007fff1f5a0000 - 0x00007fff1f5a8000 	C:\WINDOWS\System32\PSAPI.DLL
0x00007ffefe820000 - 0x00007ffefe837000 	C:\WINDOWS\system32\napinsp.dll
0x00007ffefe840000 - 0x00007ffefe85b000 	C:\WINDOWS\system32\pnrpnsp.dll
0x00007ffefe860000 - 0x00007ffefe871000 	C:\WINDOWS\System32\winrnr.dll
0x00007ffefe880000 - 0x00007ffefe895000 	C:\WINDOWS\system32\wshbth.dll
0x00007ffefe8a0000 - 0x00007ffefe8c1000 	C:\WINDOWS\system32\nlansp_c.dll
0x00007fff1de30000 - 0x00007fff1de4b000 	C:\WINDOWS\SYSTEM32\CRYPTSP.dll
0x00007fff1d540000 - 0x00007fff1d575000 	C:\WINDOWS\system32\rsaenh.dll
0x00007fff1dc30000 - 0x00007fff1dc5c000 	C:\WINDOWS\SYSTEM32\USERENV.dll
0x00007fff1de10000 - 0x00007fff1de1c000 	C:\WINDOWS\SYSTEM32\CRYPTBASE.dll
0x00007ffec8450000 - 0x00007ffec8457000 	C:\Program Files\Java\jdk-21\bin\extnet.dll
0x00007ffee9750000 - 0x00007ffee9760000 	C:\Program Files\Java\jdk-21\bin\verify.dll
0x00007fff1acc0000 - 0x00007fff1acce000 	C:\Program Files\Java\jdk-21\bin\sunmscapi.dll
0x00007fff1ea10000 - 0x00007fff1eb76000 	C:\WINDOWS\System32\CRYPT32.dll
0x00007fff1df90000 - 0x00007fff1dfbe000 	C:\WINDOWS\SYSTEM32\ncrypt.dll
0x00007fff1df50000 - 0x00007fff1df87000 	C:\WINDOWS\SYSTEM32\NTASN1.dll
0x0000000180000000 - 0x0000000180372000 	C:\Users\1037629\Downloads\apache-tomcat-9.0.85-windows-x64\apache-tomcat-9.0.85\bin\tcnative-1.dll
0x00007ffeedfe0000 - 0x00007ffeedfe8000 	C:\WINDOWS\system32\wshunix.dll

dbghelp: loaded successfully - version: 4.0.5 - missing functions: none
symbol engine: initialized successfully - sym options: 0x614 - pdb path: .;C:\Program Files\Java\jdk-21\bin;C:\WINDOWS\SYSTEM32;C:\Program Files\SentinelOne\Sentinel Agent 23.1.4.650;C:\WINDOWS\WinSxS\amd64_microsoft.windows.common-controls_6595b64144ccf1df_6.0.22621.2506_none_270c5ae97388e100;C:\Program Files\Java\jdk-21\bin\server;C:\Users\1037629\Downloads\apache-tomcat-9.0.85-windows-x64\apache-tomcat-9.0.85\bin

VM Arguments:
jvm_args: -XX:+ShowCodeDetailsInExceptionMessages -agentlib:jdwp=transport=dt_socket,suspend=y,address=localhost:50806 -Dcom.sun.management.jmxremote -Dcom.sun.management.jmxremote.port=50805 -Dcom.sun.management.jmxremote.authenticate=false -Dcom.sun.management.jmxremote.ssl=false -Djava.rmi.server.hostname=localhost -Dspring.jmx.enabled=true -Dmanagement.endpoints.jmx.exposure.include=* -Dspring.application.admin.enabled=true -XX:TieredStopAtLevel=1 -Dspring.boot.project.name=ecomm_service -javaagent:C:\Users\1037629\eclipse\configuration\org.eclipse.osgi\434\0\.cp\lib\javaagent-shaded.jar -Dfile.encoding=UTF-8 -Dstdout.encoding=UTF-8 -Dstderr.encoding=UTF-8 -agentpath:C:\Program Files\SentinelOne\Sentinel Agent 23.1.4.650\SentinelJava64.dll 
java_command: com.blueyonder.ecomm_service.EcommServiceApplication --spring.output.ansi.enabled=always
java_class_path (initial): C:\Users\1037629\Desktop\Training content\blueyonderfsd\microservicesexamples\ecomm_service\bin\main;C:\Users\1037629\.gradle\caches\modules-2\files-2.1\org.projectlombok\lombok\1.18.30\f195ee86e6c896ea47a1d39defbe20eb59cd149d\lombok-1.18.30.jar;C:\Users\1037629\.gradle\caches\modules-2\files-2.1\org.springframework.boot\spring-boot-starter-actuator\3.2.3\ccd73fa4c26fd504fe3b2a6af618770f8689a4a8\spring-boot-starter-actuator-3.2.3.jar;C:\Users\1037629\.gradle\caches\modules-2\files-2.1\org.springframework.boot\spring-boot-starter-data-jpa\3.2.3\1fd0770b23c57627e5a37726fb4060f5bfa4da6f\spring-boot-starter-data-jpa-3.2.3.jar;C:\Users\1037629\.gradle\caches\modules-2\files-2.1\org.springframework.boot\spring-boot-starter-security\3.2.3\f6353a8e62be7372b3968ab71e613b5188d55c3b\spring-boot-starter-security-3.2.3.jar;C:\Users\1037629\.gradle\caches\modules-2\files-2.1\org.springframework.boot\spring-boot-starter-validation\3.2.3\6bb79fe1a0760b5cec37bd85e31bd4cc987c8185\spring-boot-starter-validation-3.2.3.jar;C:\Users\1037629\.gradle\caches\modules-2\files-2.1\org.springframework.boot\spring-boot-starter-web\3.2.3\bf2b775d4f4e6349129c64de30939a5493779706\spring-boot-starter-web-3.2.3.jar;C:\Users\1037629\.gradle\caches\modules-2\files-2.1\org.springframework.boot\spring-boot-starter-aop\3.2.3\db8d799efd6cacd3bd134d471c3f983cbc1a137\spring-boot-starter-aop-3.2.3.jar;C:\Users\1037629\.gradle\caches\modules-2\files-2.1\org.springframework.boot\spring-boot-starter-jdbc\3.2.3\4c3632af95417c28c45342b08353ccaecaacbf3\spring-boot-starter-jdbc-3.2.3.jar;C:\Users\1037629\.gradle\caches\modules-2\files-2.1\org.springframework.boot\spring-boot-starter-json\3.2.3\c71ec683425f09b7a213358d3b22959d929d1108\spring-boot-starter-json-3.2.3.jar;C:\Users\1037629\.gradle\caches\modules-2\files-2.1\org.springframework.boot\spring-boot-starter\3.2.3\15f3e03b0fd9570f90bdce9651610cc152534cf4\spring-boot-starter-3.2.3.jar;C:\Users\1037629\.gradle\caches\modules-2\files-2.1\io.jsonwebtoken\jjwt-api\0.11.5\f742940045619d06383e7df37b21ac422b476cf1\jjwt-api-0.11.5.jar;C:\Users\1037629\.gradle\caches\modules-2\files-2.1\org.springdoc\springdoc-openapi-starter-webmvc-ui\2.3.0\b4af31e9d40539c94f8debbf760134d961333c24\springdoc-openapi-starter-webmvc-ui-2.3.0.jar;C:\Users\1037629\.gradle\caches\modules-2\files-2.1\org.springframework.boot\spring-boot-actuator-autoconfigure\3.2.3\74af39b7830e781e9021c5f56c86298d3cda9e2c\spring-boot-actuator-autoconfigure-3.2.3.jar;C:\Users\1037629\.gradle\caches\modules-2\files-2.1\io.micrometer\micrometer-jakarta9\1.12.3\b034431db33d20d6a65439099fb341c1b5b420c9\micrometer-jakarta9-1.12.3.jar;C:\Users\1037629\.gradle\caches\modules-2\files-2.1\org.springframework.security\spring-security-web\6.2.2\ad30f4614a6e88a1ac7e0b1e701d950d7bcda143\spring-security-web-6.2.2.jar;C:\Users\1037629\.gradle\caches\modules-2\files-2.1\org.springdoc\springdoc-openapi-starter-webmvc-api\2.3.0\e8e6e46e2b7875c1789782d3820536bb2d868b17\springdoc-openapi-starter-webmvc-api-2.3.0.jar;C:\Users\1037629\.gradle\caches\modules-2\files-2.1\org.springframework\spring-webmvc\6.1.4\e7aad7c53e05c8772209e915029e121262a7bc33\spring-webmvc-6.1.4.jar;C:\Users\1037629\.gradle\caches\modules-2\files-2.1\org.springframework\spring-web\6.1.4\b237532e03330a7cf8f66dc147e62bbbe44c702f\spring-web-6.1.4.jar;C:\Users\1037629\.gradle\caches\modules-2\files-2.1\io.micrometer\micrometer-core\1.12.3\9cb0cf6994e12aaa9a756864705c10d9e0af7428\micrometer-core-1.12.3.jar;C:\Users\1037629\.gradle\caches\modules-2\files-2.1\org.springframework.data\spring-data-jpa\3.2.3\ae734906f5fb1e1892da7ab48acb6d0e0d407673\spring-data-jpa-3.2.3.jar;C:\Users\1037629\.gradle\caches\modules-2\files-2.1\org.springframework.security\spring-security-config\6.2.2\e1e3d332d9268aca2ce321be73215222f9a721f\spring-security-config-6.2.2.jar;C:\Users\1037629\.gradle\caches\modules-2\files-2.1\org.springdoc\springdoc-openapi-starter-common\2.3.0\acf3654082b3e000d5b59cc9733227702aa57f75\springdoc-openapi-starter-common-2.3.0.jar;C:\Users\1037629\.gradle\caches\modules-2\files-2.1\org.springframework.boot\spring-boot-autoconfigure\3.2.3\59db74eb4196885bb5a149417ab1ab51dc9b6952\spring-boot-autoconfigure-3.2.3.jar;C:\Users\1037629\.gradle\caches\modules-2\files-2.1\org.springframework.boot\spring-boot-actuator\3.2.3\214e6577734f72724e55c8f3730c8ceed3258f6f\spring-boot-actuator-3.2.3.jar;C:\Users\1037629\.gradle\caches\modules-2\files-2.1\org.springframework.boot\spring-boot\3.2.3\b4aa6e3fdc4078fee4a4b9d702d9cc64e3fad1d4\spring-boot-3.2.3.jar;C:\Users\1037629\.gradle\caches\modules-2\files-2.1\org.springframework.security\spring-security-core\6.2.2\8cf7e96179c6f253ab36f76ebb24538a7e619f49\spring-security-core-6.2.2.jar;C:\Users\1037629\.gradle\caches\modules-2\files-2.1\org.springframework\spring-context\6.1.4\765316bef55e41e4523f9b2780b8721ce5dd0fe2\spring-context-6.1.4.jar;C:\Users\1037629\.gradle\caches\modules-2\files-2.1\io.micrometer\micrometer-observation\1.12.3\105f768c211564fcebe4d79419bda4ebef0d0ac7\micrometer-observation-1.12.3.jar;C:\Users\1037629\.gradle\caches\modules-2\files-2.1\org.hibernate.orm\hibernate-core\6.4.4.Final\5c9decb3c5a70bf7801d41fc32633416c26be069\hibernate-core-6.4.4.Final.jar;C:\Users\1037629\.gradle\caches\modules-2\files-2.1\org.springframework\spring-aspects\6.1.4\2b1b5c0f9f639d0317b9f7c20c07f90b49fee6fb\spring-aspects-6.1.4.jar;C:\Users\1037629\.gradle\caches\modules-2\files-2.1\org.springframework\spring-aop\6.1.4\26ae2c9e7f69b0235a2faca1c58416c51eaebef6\spring-aop-6.1.4.jar;C:\Users\1037629\.gradle\caches\modules-2\files-2.1\org.springframework.boot\spring-boot-starter-tomcat\3.2.3\ac392404d41766194b8fce6834c71879f9e8f479\spring-boot-starter-tomcat-3.2.3.jar;C:\Users\1037629\.gradle\caches\modules-2\files-2.1\org.apache.tomcat.embed\tomcat-embed-el\10.1.19\c61a582c391aca130884a5421deedfe1a96c7415\tomcat-embed-el-10.1.19.jar;C:\Users\1037629\.gradle\caches\modules-2\files-2.1\org.hibernate.validator\hibernate-validator\8.0.1.Final\e49e116b3d3928060599b176b3538bb848718e95\hibernate-validator-8.0.1.Final.jar;C:\Users\1037629\.gradle\caches\modules-2\files-2.1\org.springframework.boot\spring-boot-starter-logging\3.2.3\c186015229d7f5cbd30ea99bf903a8cede6d849f\spring-boot-starter-logging-3.2.3.jar;C:\Users\1037629\.gradle\caches\modules-2\files-2.1\jakarta.annotation\jakarta.annotation-api\2.1.1\48b9bda22b091b1f48b13af03fe36db3be6e1ae3\jakarta.annotation-api-2.1.1.jar;C:\Users\1037629\.gradle\caches\modules-2\files-2.1\org.springframework\spring-orm\6.1.4\d8119336a38cba3e794bfec7761e2690056affe0\spring-orm-6.1.4.jar;C:\Users\1037629\.gradle\caches\modules-2\files-2.1\org.springframework\spring-jdbc\6.1.4\4e9ac0b228f11a90f6bc647276fdffa7ac0f12fe\spring-jdbc-6.1.4.jar;C:\Users\1037629\.gradle\caches\modules-2\files-2.1\org.springframework.data\spring-data-commons\3.2.3\9b09afa13803c321e4b72ef5448e0d93d9f8ca18\spring-data-commons-3.2.3.jar;C:\Users\1037629\.gradle\caches\modules-2\files-2.1\org.springframework\spring-tx\6.1.4\7179b3c7febc0514556ea4e3f1613cacb358078d\spring-tx-6.1.4.jar;C:\Users\1037629\.gradle\caches\modules-2\files-2.1\org.springframework\spring-beans\6.1.4\e311cc9937d522a1051622580b4a2c250fc74164\spring-beans-6.1.4.jar;C:\Users\1037629\.gradle\caches\modules-2\files-2.1\org.springframework\spring-expression\6.1.4\a1f2e3af83c7222b7f95f68a8e0666fdcceb35e1\spring-expression-6.1.4.jar;C:\Users\1037629\.gradle\caches\modules-2\files-2.1\org.springframework\spring-core\6.1.4\3b4dde8f55c3d5d4e948de64b866d7bb27e5a8d4\spring-core-6.1.4.jar;C:\Users\1037629\.gradle\caches\modules-2\files-2.1\io.swagger.core.v3\swagger-core-jakarta\2.2.19\1bbc09fba4c0ac2375da7563cb03dfd0f3e07100\swagger-core-jakarta-2.2.19.jar;C:\Users\1037629\.gradle\caches\modules-2\files-2.1\com.fasterxml.jackson.datatype\jackson-datatype-jdk8\2.15.4\694777f182334a21bf1aeab1b04cc4398c801f3f\jackson-datatype-jdk8-2.15.4.jar;C:\Users\1037629\.gradle\caches\modules-2\files-2.1\com.fasterxml.jackson.datatype\jackson-datatype-jsr310\2.15.4\7de629770a4559db57128d35ccae7d2fddd35db3\jackson-datatype-jsr310-2.15.4.jar;C:\Users\1037629\.gradle\caches\modules-2\files-2.1\com.fasterxml.jackson.module\jackson-module-parameter-names\2.15.4\e654497a08359db2521b69b5f710e00836915d8c\jackson-module-parameter-names-2.15.4.jar;C:\Users\1037629\.gradle\caches\modules-2\files-2.1\com.fasterxml.jackson.core\jackson-databind\2.15.4\560309fc381f77d4d15c4a4cdaa0db5025c4fd13\jackson-databind-2.15.4.jar;C:\Users\1037629\.gradle\caches\modules-2\files-2.1\io.swagger.core.v3\swagger-models-jakarta\2.2.19\72b8a8ba29654ba31d951311081c33d464cee138\swagger-models-jakarta-2.2.19.jar;C:\Users\1037629\.gradle\caches\modules-2\files-2.1\com.fasterxml.jackson.core\jackson-annotations\2.15.4\5223ea5a9bf52cdc9c5e537a0e52f2432eaf208b\jackson-annotations-2.15.4.jar;C:\Users\1037629\.gradle\caches\modules-2\files-2.1\com.fasterxml.jackson.core\jackson-core\2.15.4\aebe84b45360debad94f692a4074c6aceb535fa0\jackson-core-2.15.4.jar;C:\Users\1037629\.gradle\caches\modules-2\files-2.1\com.fasterxml.jackson.dataformat\jackson-dataformat-yaml\2.15.4\4a5dcae45b67fe5edbec821711555d30347f69a0\jackson-dataformat-yaml-2.15.4.jar;C:\Users\1037629\.gradle\caches\modules-2\files-2.1\org.yaml\snakeyaml\2.2\3af797a25458550a16bf89acc8e4ab2b7f2bfce0\snakeyaml-2.2.jar;C:\Users\1037629\.gradle\caches\modules-2\files-2.1\org.webjars\swagger-ui\5.10.3\744ae2862cc79c137020f2ce6e07de2f1d6a2657\swagger-ui-5.10.3.jar;C:\Users\1037629\.gradle\caches\modules-2\files-2.1\io.micrometer\micrometer-commons\1.12.3\83add2dda5cdc811fefb83e858c7412a176fe5b1\micrometer-commons-1.12.3.jar;C:\Users\1037629\.gradle\caches\modules-2\files-2.1\org.aspectj\aspectjweaver\1.9.21\beaabaea95c7f3330f415c72ee0ffe79b51d172f\aspectjweaver-1.9.21.jar;C:\Users\1037629\.gradle\caches\modules-2\files-2.1\com.zaxxer\HikariCP\5.0.1\a74c7f0a37046846e88d54f7cb6ea6d565c65f9c\HikariCP-5.0.1.jar;C:\Users\1037629\.gradle\caches\modules-2\files-2.1\jakarta.persistence\jakarta.persistence-api\3.1.0\66901fa1c373c6aff65c13791cc11da72060a8d6\jakarta.persistence-api-3.1.0.jar;C:\Users\1037629\.gradle\caches\modules-2\files-2.1\jakarta.transaction\jakarta.transaction-api\2.0.1\51a520e3fae406abb84e2e1148e6746ce3f80a1a\jakarta.transaction-api-2.0.1.jar;C:\Users\1037629\.gradle\caches\modules-2\files-2.1\org.antlr\antlr4-runtime\4.13.0\5a02e48521624faaf5ff4d99afc88b01686af655\antlr4-runtime-4.13.0.jar;C:\Users\1037629\.gradle\caches\modules-2\files-2.1\ch.qos.logback\logback-classic\1.4.14\d98bc162275134cdf1518774da4a2a17ef6fb94d\logback-classic-1.4.14.jar;C:\Users\1037629\.gradle\caches\modules-2\files-2.1\org.apache.logging.log4j\log4j-to-slf4j\2.21.1\d77b2ba81711ed596cd797cc2b5b5bd7409d841c\log4j-to-slf4j-2.21.1.jar;C:\Users\1037629\.gradle\caches\modules-2\files-2.1\org.slf4j\jul-to-slf4j\2.0.12\eb5f48f782b41cc881b0bf1fb4d88ae2ff6d5b93\jul-to-slf4j-2.0.12.jar;C:\Users\1037629\.gradle\caches\modules-2\files-2.1\org.slf4j\slf4j-api\2.0.12\48f109a2a6d8f446c794f3e3fa0d86df0cdfa312\slf4j-api-2.0.12.jar;C:\Users\1037629\.gradle\caches\modules-2\files-2.1\jakarta.validation\jakarta.validation-api\3.0.2\92b6631659ba35ca09e44874d3eb936edfeee532\jakarta.validation-api-3.0.2.jar;C:\Users\1037629\.gradle\caches\modules-2\files-2.1\org.jboss.logging\jboss-logging\3.5.3.Final\c88fc1d8a96d4c3491f55d4317458ccad53ca663\jboss-logging-3.5.3.Final.jar;C:\Users\1037629\.gradle\caches\modules-2\files-2.1\com.fasterxml\classmate\1.6.0\91affab6f84a2182fce5dd72a8d01bc14346dddd\classmate-1.6.0.jar;C:\Users\1037629\.gradle\caches\modules-2\files-2.1\org.apache.tomcat.embed\tomcat-embed-websocket\10.1.19\adf4710fac2471236f8a466ca678cdf7e6a8257c\tomcat-embed-websocket-10.1.19.jar;C:\Users\1037629\.gradle\caches\modules-2\files-2.1\org.apache.tomcat.embed\tomcat-embed-core\10.1.19\3dbbca8acbd4dd6a137c3d6f934a2931512b42ce\tomcat-embed-core-10.1.19.jar;C:\Users\1037629\.gradle\caches\modules-2\files-2.1\org.springframework\spring-jcl\6.1.4\a244bd674a5431dfdce68d28cdf857104e6fff67\spring-jcl-6.1.4.jar;C:\Users\1037629\.gradle\caches\modules-2\files-2.1\org.springframework.security\spring-security-crypto\6.2.2\bd1b47ce6593b4d66a1f12e023b59dacc00db00a\spring-security-crypto-6.2.2.jar;C:\Users\1037629\.gradle\caches\modules-2\files-2.1\ch.qos.logback\logback-core\1.4.14\4d3c2248219ac0effeb380ed4c5280a80bf395e8\logback-core-1.4.14.jar;C:\Users\1037629\.gradle\caches\modules-2\files-2.1\org.apache.logging.log4j\log4j-api\2.21.1\74c65e87b9ce1694a01524e192d7be989ba70486\log4j-api-2.21.1.jar;C:\Users\1037629\.gradle\caches\modules-2\files-2.1\org.apache.commons\commons-lang3\3.13.0\b7263237aa89c1f99b327197c41d0669707a462e\commons-lang3-3.13.0.jar;C:\Users\1037629\.gradle\caches\modules-2\files-2.1\io.swagger.core.v3\swagger-annotations-jakarta\2.2.19\c180d87c78d367771bbd954ebceba1b6c576fb52\swagger-annotations-jakarta-2.2.19.jar;C:\Users\1037629\.gradle\caches\modules-2\files-2.1\jakarta.xml.bind\jakarta.xml.bind-api\4.0.1\ca2330866cbc624c7e5ce982e121db1125d23e15\jakarta.xml.bind-api-4.0.1.jar;C:\Users\1037629\.gradle\caches\modules-2\files-2.1\jakarta.activation\jakarta.activation-api\2.1.2\640c0d5aff45dbff1e1a1bc09673ff3a02b1ba12\jakarta.activation-api-2.1.2.jar;C:\Users\1037629\.gradle\caches\modules-2\files-2.1\org.springframework.boot\spring-boot-devtools\3.2.3\b474cd30a54aae2152ff6bc8a31378ee40237407\spring-boot-devtools-3.2.3.jar;C:\Users\1037629\.gradle\caches\modules-2\files-2.1\io.jsonwebtoken\jjwt-impl\0.11.5\40a599f0e8a8e4e0701596fbb15e67bfda64fdf0\jjwt-impl-0.11.5.jar;C:\Users\1037629\.gradle\caches\modules-2\files-2.1\io.jsonwebtoken\jjwt-jackson\0.11.5\3b83a06809e98a69402d7333dcf67df6f6ea4579\jjwt-jackson-0.11.5.jar;C:\Users\1037629\.gradle\caches\modules-2\files-2.1\org.postgresql\postgresql\42.6.1\aded708fdd722a277ebce49c29c3c6fa0703420\postgresql-42.6.1.jar;C:\Users\1037629\.gradle\caches\modules-2\files-2.1\org.checkerframework\checker-qual\3.31.0\eeefd4af42e2f4221d145c1791582f91868f99ab\checker-qual-3.31.0.jar;C:\Users\1037629\.gradle\caches\modules-2\files-2.1\org.hibernate.common\hibernate-commons-annotations\6.0.6.Final\77a5f94b56d49508e0ee334751db5b78e5ccd50c\hibernate-commons-annotations-6.0.6.Final.jar;C:\Users\1037629\.gradle\caches\modules-2\files-2.1\io.smallrye\jandex\3.1.2\a6c1c89925c7df06242b03dddb353116ceb9584c\jandex-3.1.2.jar;C:\Users\1037629\.gradle\caches\modules-2\files-2.1\net.bytebuddy\byte-buddy\1.14.12\6e37f743dc15a8d7a4feb3eb0025cbc612d5b9e1\byte-buddy-1.14.12.jar;C:\Users\1037629\.gradle\caches\modules-2\files-2.1\org.glassfish.jaxb\jaxb-runtime\4.0.4\7180c50ef8bd127bb1dd645458b906cffcf6c2b5\jaxb-runtime-4.0.4.jar;C:\Users\1037629\.gradle\caches\modules-2\files-2.1\org.glassfish.jaxb\jaxb-core\4.0.4\2d5aadd02af86f1e9d8c6f7e8501673f915d4e25\jaxb-core-4.0.4.jar;C:\Users\1037629\.gradle\caches\modules-2\files-2.1\jakarta.inject\jakarta.inject-api\2.0.1\4c28afe1991a941d7702fe1362c365f0a8641d1e\jakarta.inject-api-2.0.1.jar;C:\Users\1037629\.gradle\caches\modules-2\files-2.1\org.hdrhistogram\HdrHistogram\2.1.12\6eb7552156e0d517ae80cc2247be1427c8d90452\HdrHistogram-2.1.12.jar;C:\Users\1037629\.gradle\caches\modules-2\files-2.1\org.latencyutils\LatencyUtils\2.0.3\769c0b82cb2421c8256300e907298a9410a2a3d3\LatencyUtils-2.0.3.jar;C:\Users\1037629\.gradle\caches\modules-2\files-2.1\org.eclipse.angus\angus-activation\2.0.1\eaafaf4eb71b400e4136fc3a286f50e34a68ecb7\angus-activation-2.0.1.jar;C:\Users\1037629\.gradle\caches\modules-2\files-2.1\org.glassfish.jaxb\txw2\4.0.4\cfd2bcf08782673ac370694fdf2cf76dbaa607ef\txw2-4.0.4.jar;C:\Users\1037629\.gradle\caches\modules-2\files-2.1\com.sun.istack\istack-commons-runtime\4.1.2\18ec117c85f3ba0ac65409136afa8e42bc74e739\istack-commons-runtime-4.1.2.jar
Launcher Type: SUN_STANDARD

[Global flags]
     intx CICompilerCount                          = 12                                        {product} {ergonomic}
     uint ConcGCThreads                            = 3                                         {product} {ergonomic}
     uint G1ConcRefinementThreads                  = 13                                        {product} {ergonomic}
   size_t G1HeapRegionSize                         = 4194304                                   {product} {ergonomic}
    uintx GCDrainStackTargetSize                   = 64                                        {product} {ergonomic}
   size_t InitialHeapSize                          = 465567744                                 {product} {ergonomic}
     bool ManagementServer                         = true                                      {product} {command line}
   size_t MarkStackSize                            = 4194304                                   {product} {ergonomic}
   size_t MaxHeapSize                              = 7440695296                                {product} {ergonomic}
   size_t MaxNewSize                               = 4462739456                                {product} {ergonomic}
   size_t MinHeapDeltaBytes                        = 4194304                                   {product} {ergonomic}
   size_t MinHeapSize                              = 8388608                                   {product} {ergonomic}
    uintx NonNMethodCodeHeapSize                   = 4096                                   {pd product} {ergonomic}
    uintx NonProfiledCodeHeapSize                  = 0                                      {pd product} {ergonomic}
     bool ProfileInterpreter                       = false                                  {pd product} {command line}
    uintx ProfiledCodeHeapSize                     = 0                                      {pd product} {ergonomic}
     bool ShowCodeDetailsInExceptionMessages       = true                                   {manageable} {command line}
   size_t SoftMaxHeapSize                          = 7440695296                             {manageable} {ergonomic}
     intx TieredStopAtLevel                        = 1                                         {product} {command line}
     bool UseCompressedOops                        = true                           {product lp64_product} {ergonomic}
     bool UseG1GC                                  = true                                      {product} {ergonomic}
     bool UseLargePagesIndividualAllocation        = false                                  {pd product} {ergonomic}

Logging:
Log output configuration:
 #0: stdout all=warning uptime,level,tags foldmultilines=false
 #1: stderr all=off uptime,level,tags foldmultilines=false

Environment Variables:
JAVA_HOME=C:\Program Files\Java\jdk-21
PATH=C:/Program Files/Java/jdk-21/bin/server;C:/Program Files/Java/jdk-21/bin;C:\Program Files\Eclipse Adoptium\jdk-17.0.10.7-hotspot\bin;C:\Program Files\Common Files\Oracle\Java\javapath;C:\WINDOWS\system32;C:\WINDOWS;C:\WINDOWS\System32\Wbem;C:\WINDOWS\System32\WindowsPowerShell\v1.0\;C:\WINDOWS\System32\OpenSSH\;C:\Program Files\Rancher Desktop\resources\resources\win32\bin\;C:\Program Files\Rancher Desktop\resources\resources\linux\bin\;C:\Program Files\nodejs\;C:\Program Files\Microsoft VS Code\bin;C:\Program Files\Git\cmd;C:\Users\1037629\AppData\Local\Microsoft\WindowsApps;C:\Program Files\Java\jdk-21;C:\Users\1037629\Desktop\Maven\apache-maven-3.9.6\bin;C:\Users\1037629\Downloads\apache-tomcat-9.0.85-windows-x64\apache-tomcat-9.0.85\bin;C:\WINDOWS\system32;
USERNAME=1037629
OS=Windows_NT
PROCESSOR_IDENTIFIER=AMD64 Family 25 Model 116 Stepping 1, AuthenticAMD
TMP=C:\Users\1037629\AppData\Local\Temp
TEMP=C:\Users\1037629\AppData\Local\Temp




Periodic native trim disabled

---------------  S Y S T E M  ---------------

OS:
 Windows 11 , 64 bit Build 22621 (10.0.22621.3085)
OS uptime: 0 days 7:05 hours
Hyper-V role detected

CPU: total 16 (initial active 16) (16 cores per cpu, 2 threads per core) family 25 model 116 stepping 1 microcode 0x0, cx8, cmov, fxsr, ht, mmx, 3dnowpref, sse, sse2, sse3, ssse3, sse4a, sse4.1, sse4.2, popcnt, lzcnt, tsc, tscinvbit, avx, avx2, aes, erms, clmul, bmi1, bmi2, adx, avx512f, avx512dq, avx512cd, avx512bw, avx512vl, sha, fma, vzeroupper, avx512_vpopcntdq, avx512_vpclmulqdq, avx512_vaes, avx512_vnni, clflush, clflushopt, avx512_vbmi2, avx512_vbmi, hv, rdtscp, rdpid, gfni, avx512_bitalg, f16c, cet_ss, avx512_ifma
Processor Information for all 16 processors :
  Max Mhz: 3301, Current Mhz: 3301, Mhz Limit: 3301

Memory: 4k page, system-wide physical 28381M (15012M free)
TotalPageFile size 32733M (AvailPageFile size 12264M)
current process WorkingSet (physical memory assigned to process): 387M, peak: 412M
current process commit charge ("private bytes"): 471M, peak: 572M

vm_info: Java HotSpot(TM) 64-Bit Server VM (21.0.1+12-LTS-29) for windows-amd64 JRE (21.0.1+12-LTS-29), built on 2023-10-05T13:27:09Z by "mach5one" with MS VC++ 17.1 (VS2022)

END.
